
          -------------------------------------------------------
          Amber 16 SANDER                              2016
          -------------------------------------------------------

| Run on 06/09/2022 at 12:41:31

|   Executable path: sander
| Working directory: /cache/home/ejd119/ccl2_2022
|          Hostname: gpu005

  [-O]verwriting output

File Assignments:
|  MDIN: min2_77.in                                                            
| MDOUT: wkn2_min2_mmp.out                                                     
|INPCRD: wkn2_sol.crd                                                          
|  PARM: wkn2_sol.prmtop                                                       
|RESTRT: wkn2_min2_mmp.ncrst                                                   
|  REFC: wkn2_sol.crd                                                          
| MDVEL: mdvel                                                                 
| MDFRC: mdfrc                                                                 
|  MDEN: mden                                                                  
| MDCRD: wkn2_min2_mmp.nc                                                      
|MDINFO: wkn2_min2_mmp.mdinfo                                                  
|  MTMD: mtmd                                                                  
|INPDIP: inpdip                                                                
|RSTDIP: rstdip                                                                
|INPTRA: inptraj                                                               

 
 Here is the input file:
 
stage 1 - minimization of solvent + ions                                       
 &cntrl                                                                        
  imin=1,	!run minimization                                                    
  ntx=1,	!read coordinates 	                                                   
  maxcyc=1000,	!number of minimization steps                                   
  ntmin=1,	!steepest descent then conjugate gradient                           
  ncyc=500,	!point where stepest descent switches to conjugate gradient        
  cut=10.0,	!vanderwaals cutoff in angstroms                                   
  ntb=1,	!constant volume periodic boundaries                                  
  ntpr=50,	!print to mdinfo every 50 steps                                     
  ntr=1		!position restraints active                                           
 /                                                                             
Hold the protein fixed                                                         
500.0                                                                          
RES 1 77                                                                       
END                                                                            
END                                                                            

--------------------------------------------------------------------------------
   1.  RESOURCE   USE: 
--------------------------------------------------------------------------------

| Flags:                                                                        
 getting new box info from bottom of inpcrd
|  INFO: Old style inpcrd file read

| peek_ewald_inpcrd: Box info found
|Largest sphere to fit in unit cell has radius =    25.370
| New format PARM file being parsed.
| Version =    1.000 Date = 06/09/22 Time = 12:28:17
 NATOM  =   15862 NTYPES =      17 NBONH =   15228 MBONA  =     642
 NTHETH =    1451 MTHETA =     868 NPHIH =    2898 MPHIA  =    2757
 NHPARM =       0 NPARM  =       0 NNB   =   26474 NRES   =    4947
 NBONA  =     642 NTHETA =     868 NPHIA =    2757 NUMBND =      66
 NUMANG =     152 NPTRA  =     193 NATYP =      34 NPHB   =       1
 IFBOX  =       2 NMXRS  =      26 IFCAP =       0 NEXTRA =       0
 NCOPY  =       0


|     Memory Use     Allocated
|     Real             1387765
|     Hollerith          52535
|     Integer           652271
|     Max Pairs        9136512
|     nblistReal        190344
|     nblist Int        524177
|       Total            52819 kbytes

| Note: 1-4 EEL scale factors are being read from the topology file.

| Note: 1-4 VDW scale factors are being read from the topology file.
| Duplicated    0 dihedrals
| Duplicated    0 dihedrals

     BOX TYPE: TRUNCATED OCTAHEDRON

--------------------------------------------------------------------------------
   2.  CONTROL  DATA  FOR  THE  RUN
--------------------------------------------------------------------------------

default_name                                                                    

General flags:
     imin    =       1, nmropt  =       0

Nature and format of input:
     ntx     =       1, irest   =       0, ntrx    =       1

Nature and format of output:
     ntxo    =       2, ntpr    =      50, ntrx    =       1, ntwr    =       1
     iwrap   =       0, ntwx    =       0, ntwv    =       0, ntwe    =       0
     ioutfm  =       1, ntwprt  =       0, idecomp =       0, rbornstat=      0

Potential function:
     ntf     =       1, ntb     =       1, igb     =       0, nsnb    =      25
     ipol    =       0, gbsa    =       0, iesp    =       0
     dielc   =   1.00000, cut     =  10.00000, intdiel =   1.00000

Frozen or restrained atoms:
     ibelly  =       0, ntr     =       1
     restraint_wt =   0.00000

Energy minimization:
     maxcyc  =    1000, ncyc    =     500, ntmin   =       1
     dx0     =   0.01000, drms    =   0.00010

Ewald parameters:
     verbose =       0, ew_type =       0, nbflag  =       1, use_pme =       1
     vdwmeth =       1, eedmeth =       1, netfrc  =       0
     Box X =   62.144   Box Y =   62.144   Box Z =   62.144
     Alpha =  109.471   Beta  =  109.471   Gamma =  109.471
     NFFT1 =   64       NFFT2 =   64       NFFT3 =   64
     Cutoff=   10.000   Tol   =0.100E-04
     Ewald Coefficient =  0.27511
     Interpolation order =    4

    LOADING THE CONSTRAINED ATOMS AS GROUPS


   5.  REFERENCE ATOM COORDINATES

  defa
    ----- READING GROUP     1; TITLE:
 Hold the protein fixed                                                      

     GROUP    1 HAS HARMONIC CONSTRAINTS   500.00000
 GRP    1 RES    1 TO    77
      Number of atoms in this group  =  1264
    ----- END OF GROUP READ -----

--------------------------------------------------------------------------------
   3.  ATOMIC COORDINATES AND VELOCITIES
--------------------------------------------------------------------------------

default_name                                                                    
 begin time read from input coords =     0.000 ps

 Number of triangulated 3-point waters found:     4864

     Sum of charges from parm topology file =  -0.00000004
     Forcing neutrality...

--------------------------------------------------------------------------------
   4.  RESULTS
--------------------------------------------------------------------------------

 ---------------------------------------------------
 APPROXIMATING switch and d/dx switch using CUBIC SPLINE INTERPOLATION
 using   5000.0 points per unit in tabled values
 TESTING RELATIVE ERROR over r ranging from 0.0 to cutoff
| CHECK switch(x): max rel err =   0.3316E-14   at   2.351880
| CHECK d/dx switch(x): max rel err =   0.8066E-11   at   2.747240
 ---------------------------------------------------
| Local SIZE OF NONBOND LIST =    4921854
| TOTAL SIZE OF NONBOND LIST =    4921854


   NSTEP       ENERGY          RMS            GMAX         NAME    NUMBER
      1       3.2386E+06     2.0819E+05     2.2353E+07     O        8255

 BOND    =       57.6981  ANGLE   =      157.8456  DIHED      =      880.2317
 VDWAALS =  3284730.3669  EEL     =   -50705.8352  HBOND      =        0.0000
 1-4 VDW =      331.7634  1-4 EEL =     3186.1131  RESTRAINT  =        0.0000


   NSTEP       ENERGY          RMS            GMAX         NAME    NUMBER
     50      -4.9648E+04     1.9645E+00     4.0272E+01     HG23     1254

 BOND    =     2668.7562  ANGLE   =      130.9227  DIHED      =      877.5994
 VDWAALS =     4210.6692  EEL     =   -61093.8226  HBOND      =        0.0000
 1-4 VDW =      320.6534  1-4 EEL =     3177.4012  RESTRAINT  =       59.8871
 EAMBER  =   -49707.8207


   NSTEP       ENERGY          RMS            GMAX         NAME    NUMBER
    100      -5.2190E+04     2.6364E+00     3.0701E+02     C        1262

 BOND    =     2951.1014  ANGLE   =      134.8045  DIHED      =      877.5511
 VDWAALS =     4529.4275  EEL     =   -64242.2690  HBOND      =        0.0000
 1-4 VDW =      321.1991  1-4 EEL =     3174.9484  RESTRAINT  =       62.8402
 EAMBER  =   -52253.2372


   NSTEP       ENERGY          RMS            GMAX         NAME    NUMBER
    150      -5.3411E+04     1.1855E+00     8.6693E+01     C        1262

 BOND    =     3071.6745  ANGLE   =      125.8835  DIHED      =      877.4212
 VDWAALS =     4866.3947  EEL     =   -65903.6249  HBOND      =        0.0000
 1-4 VDW =      320.7199  1-4 EEL =     3176.7776  RESTRAINT  =       53.3787
 EAMBER  =   -53464.7535


   NSTEP       ENERGY          RMS            GMAX         NAME    NUMBER
    200      -5.4214E+04     2.3565E+00     2.7652E+02     C        1262

 BOND    =     3193.1351  ANGLE   =      126.8315  DIHED      =      877.3677
 VDWAALS =     5194.5674  EEL     =   -67161.9040  HBOND      =        0.0000
 1-4 VDW =      320.4800  1-4 EEL =     3177.8475  RESTRAINT  =       57.4652
 EAMBER  =   -54271.6746


   NSTEP       ENERGY          RMS            GMAX         NAME    NUMBER
    250      -5.4858E+04     1.2017E+00     1.1710E+02     C        1262

 BOND    =     3267.6544  ANGLE   =      129.5551  DIHED      =      877.4006
 VDWAALS =     5485.0550  EEL     =   -68176.6421  HBOND      =        0.0000
 1-4 VDW =      320.9352  1-4 EEL =     3175.8420  RESTRAINT  =       61.9227
 EAMBER  =   -54920.1997


   NSTEP       ENERGY          RMS            GMAX         NAME    NUMBER
    300      -5.5340E+04     1.9987E+00     2.3736E+02     C        1262

 BOND    =     3352.2330  ANGLE   =      130.9823  DIHED      =      877.4118
 VDWAALS =     5764.1063  EEL     =   -69023.1583  HBOND      =        0.0000
 1-4 VDW =      321.2242  1-4 EEL =     3175.1202  RESTRAINT  =       62.5130
 EAMBER  =   -55402.0805


   NSTEP       ENERGY          RMS            GMAX         NAME    NUMBER
    350      -5.5774E+04     1.0114E+00     1.0237E+02     C        1262

 BOND    =     3411.5951  ANGLE   =      127.2100  DIHED      =      877.3057
 VDWAALS =     6026.3370  EEL     =   -69771.2497  HBOND      =        0.0000
 1-4 VDW =      320.4185  1-4 EEL =     3177.0963  RESTRAINT  =       57.3524
 EAMBER  =   -55831.2871


   NSTEP       ENERGY          RMS            GMAX         NAME    NUMBER
    400      -5.6117E+04     1.7173E+00     1.9764E+02     C        1262

 BOND    =     3477.6003  ANGLE   =      127.1539  DIHED      =      877.2704
 VDWAALS =     6261.9105  EEL     =   -70416.5819  HBOND      =        0.0000
 1-4 VDW =      320.2122  1-4 EEL =     3177.5862  RESTRAINT  =       57.4613
 EAMBER  =   -56174.8483


   NSTEP       ENERGY          RMS            GMAX         NAME    NUMBER
    450      -5.6452E+04     5.0049E-01     1.5694E+01     C         505

 BOND    =     3522.4838  ANGLE   =      127.1928  DIHED      =      877.3290
 VDWAALS =     6477.6454  EEL     =   -71010.3499  HBOND      =        0.0000
 1-4 VDW =      320.8410  1-4 EEL =     3176.3616  RESTRAINT  =       56.2353
 EAMBER  =   -56508.4962


   NSTEP       ENERGY          RMS            GMAX         NAME    NUMBER
    500      -5.6752E+04     1.4865E+00     1.4648E+02     C         505

 BOND    =     3583.0478  ANGLE   =      128.1117  DIHED      =      877.4394
 VDWAALS =     6697.9257  EEL     =   -71593.9480  HBOND      =        0.0000
 1-4 VDW =      321.6693  1-4 EEL =     3175.9747  RESTRAINT  =       57.5738
 EAMBER  =   -56809.7795


   NSTEP       ENERGY          RMS            GMAX         NAME    NUMBER
    550      -5.8436E+04     1.4823E+00     8.3282E+01     H2      11881

 BOND    =     3915.2155  ANGLE   =      129.4121  DIHED      =      877.2416
 VDWAALS =     8227.7421  EEL     =   -75141.7233  HBOND      =        0.0000
 1-4 VDW =      321.0615  1-4 EEL =     3175.8685  RESTRAINT  =       58.8891
 EAMBER  =   -58495.1820


   NSTEP       ENERGY          RMS            GMAX         NAME    NUMBER
    600      -5.9016E+04     8.7041E-01     5.5304E+01     H2      11881

 BOND    =     4004.6833  ANGLE   =      128.1895  DIHED      =      877.2041
 VDWAALS =     8565.4964  EEL     =   -76144.8455  HBOND      =        0.0000
 1-4 VDW =      320.7687  1-4 EEL =     3176.5542  RESTRAINT  =       55.6179
 EAMBER  =   -59071.9494


   NSTEP       ENERGY          RMS            GMAX         NAME    NUMBER
    650      -5.9507E+04     8.4274E-01     3.4364E+01     CE2       947

 BOND    =     4091.6285  ANGLE   =      127.4830  DIHED      =      877.4496
 VDWAALS =     8922.1423  EEL     =   -77079.3869  HBOND      =        0.0000
 1-4 VDW =      320.9739  1-4 EEL =     3176.4358  RESTRAINT  =       56.6434
 EAMBER  =   -59563.2737


   NSTEP       ENERGY          RMS            GMAX         NAME    NUMBER
    700      -6.0100E+04     6.5846E-01     2.7110E+01     CE2       947

 BOND    =     4225.7513  ANGLE   =      127.2192  DIHED      =      877.2663
 VDWAALS =     9478.4371  EEL     =   -78362.2753  HBOND      =        0.0000
 1-4 VDW =      320.9170  1-4 EEL =     3176.5866  RESTRAINT  =       56.4197
 EAMBER  =   -60156.0977


   NSTEP       ENERGY          RMS            GMAX         NAME    NUMBER
    750      -6.0368E+04     5.8758E-01     1.8871E+01     CE2       947

 BOND    =     4275.9320  ANGLE   =      127.4004  DIHED      =      877.2517
 VDWAALS =     9694.2268  EEL     =   -78896.2383  HBOND      =        0.0000
 1-4 VDW =      320.8770  1-4 EEL =     3176.4639  RESTRAINT  =       56.5281
 EAMBER  =   -60424.0866


   NSTEP       ENERGY          RMS            GMAX         NAME    NUMBER
    800      -6.0570E+04     5.4218E-01     2.1542E+01     CG        855

 BOND    =     4310.8792  ANGLE   =      127.6391  DIHED      =      877.2322
 VDWAALS =     9845.9668  EEL     =   -79285.5495  HBOND      =        0.0000
 1-4 VDW =      320.9012  1-4 EEL =     3176.4193  RESTRAINT  =       56.2916
 EAMBER  =   -60626.5116


   NSTEP       ENERGY          RMS            GMAX         NAME    NUMBER
    850      -6.0758E+04     4.4738E-01     1.3147E+01     CG2       513

 BOND    =     4342.1550  ANGLE   =      127.8275  DIHED      =      877.1963
 VDWAALS =     9973.2093  EEL     =   -79632.0466  HBOND      =        0.0000
 1-4 VDW =      320.8881  1-4 EEL =     3176.5375  RESTRAINT  =       56.1131
 EAMBER  =   -60814.2331


   NSTEP       ENERGY          RMS            GMAX         NAME    NUMBER
    900      -6.1080E+04     4.2020E-01     1.9091E+01     CG        855

 BOND    =     4401.6847  ANGLE   =      127.3021  DIHED      =      877.1594
 VDWAALS =    10287.1185  EEL     =   -80326.9434  HBOND      =        0.0000
 1-4 VDW =      320.9546  1-4 EEL =     3176.5384  RESTRAINT  =       56.0473
 EAMBER  =   -61136.1857


   NSTEP       ENERGY          RMS            GMAX         NAME    NUMBER
    950      -6.1239E+04     4.0661E-01     1.7826E+01     H         508

 BOND    =     4434.2767  ANGLE   =      127.6595  DIHED      =      877.1850
 VDWAALS =    10403.7680  EEL     =   -80635.5272  HBOND      =        0.0000
 1-4 VDW =      320.9579  1-4 EEL =     3176.5882  RESTRAINT  =       56.2513
 EAMBER  =   -61295.0920


   NSTEP       ENERGY          RMS            GMAX         NAME    NUMBER
   1000      -6.1403E+04     4.6224E-01     1.7581E+01     CG       1039

 BOND    =     4471.4035  ANGLE   =      127.6506  DIHED      =      877.1033
 VDWAALS =    10552.5168  EEL     =   -80984.6927  HBOND      =        0.0000
 1-4 VDW =      320.8599  1-4 EEL =     3176.5172  RESTRAINT  =       56.0275
 EAMBER  =   -61458.6415


  Maximum number of minimization cycles reached.


                    FINAL RESULTS



   NSTEP       ENERGY          RMS            GMAX         NAME    NUMBER
   1000      -6.1403E+04     4.6224E-01     1.7581E+01     CG       1039

 BOND    =     4471.4035  ANGLE   =      127.6506  DIHED      =      877.1033
 VDWAALS =    10552.5168  EEL     =   -80984.6927  HBOND      =        0.0000
 1-4 VDW =      320.8599  1-4 EEL =     3176.5172  RESTRAINT  =       56.0275
 EAMBER  =   -61458.6415

--------------------------------------------------------------------------------
   5.  TIMINGS
--------------------------------------------------------------------------------

|    Read coords time           0.01 ( 0.01% of Total)
|                Build the list             1.18 (94.69% of List )
|                Other                      0.07 ( 5.31% of List )
|             List time                  1.24 ( 0.94% of Nonbo)
|                   Short_ene time           112.49 (99.38% of Direc)
|                   Other                      0.70 ( 0.62% of Direc)
|                Direct Ewald time        113.19 (86.07% of Ewald)
|                Adjust Ewald time          0.59 ( 0.45% of Ewald)
|                   Fill Bspline coeffs        0.64 ( 3.61% of Recip)
|                   Fill charge grid           2.01 (11.41% of Recip)
|                   Scalar sum                 4.70 (26.74% of Recip)
|                   Grad sum                   4.20 (23.86% of Recip)
|                   FFT time                   6.04 (34.37% of Recip)
|                   Other                      0.00 ( 0.01% of Recip)
|                Recip Ewald time          17.59 (13.37% of Ewald)
|                Virial junk                0.07 ( 0.05% of Ewald)
|                Other                      0.07 ( 0.05% of Ewald)
|             Ewald time               131.51 (99.06% of Nonbo)
|          Nonbond force            132.75 (99.45% of Force)
|          Bond/Angle/Dihedral        0.70 ( 0.53% of Force)
|          Other                      0.03 ( 0.02% of Force)
|       Force time               133.48 (100.0% of Runmd)
|    Runmd Time               133.48 (99.24% of Total)
|    Other                      1.01 ( 0.75% of Total)
| Total time               134.50 (100.0% of ALL  )

| Number of list builds   :          7

| Highest rstack allocated:     998792
| Highest istack allocated:      15862
|           Job began  at 12:41:31.752  on 06/09/2022
|           Setup done at 12:41:31.935  on 06/09/2022
|           Run   done at 12:43:46.253  on 06/09/2022
|     wallclock() was called   38062 times
