
          -------------------------------------------------------
          Amber 16 SANDER                              2016
          -------------------------------------------------------

| Run on 06/09/2022 at 12:52:13

|   Executable path: sander
| Working directory: /cache/home/ejd119/ccl2_2022
|          Hostname: gpu008

  [-O]verwriting output

File Assignments:
|  MDIN: min2b.in                                                              
| MDOUT: ydap_min2b_mmp.out                                                    
|INPCRD: ydap_min2_mmp.ncrst                                                   
|  PARM: ydap_sol.prmtop                                                       
|RESTRT: ydap_min2b_mmp.ncrst                                                  
|  REFC: refc                                                                  
| MDVEL: mdvel                                                                 
| MDFRC: mdfrc                                                                 
|  MDEN: mden                                                                  
| MDCRD: ydap_min2b_mmp.nc                                                     
|MDINFO: ydap_min2b_mmp.mdinfo                                                 
|  MTMD: mtmd                                                                  
|INPDIP: inpdip                                                                
|RSTDIP: rstdip                                                                
|INPTRA: inptraj                                                               

 
 Here is the input file:
 
stage 1 - minimization of solvent + ions                                       
 &cntrl                                                                        
  imin=1,	!run minimization                                                    
  ntx=1,	!read coordinates 	                                                   
  maxcyc=2500,	!number of minimization steps                                   
  ntmin=1,	!steepest descent then conjugate gradient                           
  ncyc=1000,	!point where stepest descent switches to conjugate gradient       
  cut=10.0,	!vanderwaals cutoff in angstroms                                   
  ntb=1,	!constant volume periodic boundaries                                  
  ntpr=50,	!print to mdinfo every 50 steps                                     
  ntr=0		!position restraints NOT active                                       
 /                                                                             

--------------------------------------------------------------------------------
   1.  RESOURCE   USE: 
--------------------------------------------------------------------------------

| Flags:                                                                        
 getting box info from netcdf restart file
| NetCDF restart box info found
|Largest sphere to fit in unit cell has radius =    24.141
| New format PARM file being parsed.
| Version =    1.000 Date = 06/09/22 Time = 12:32:00
 NATOM  =   13418 NTYPES =      17 NBONH =   12761 MBONA  =     665
 NTHETH =    1509 MTHETA =     898 NPHIH =    3012 MPHIA  =    2844
 NHPARM =       0 NPARM  =       0 NNB   =   23419 NRES   =    4118
 NBONA  =     665 NTHETA =     898 NPHIA =    2844 NUMBND =      67
 NUMANG =     153 NPTRA  =     191 NATYP =      36 NPHB   =       1
 IFBOX  =       2 NMXRS  =      24 IFCAP =       0 NEXTRA =       0
 NCOPY  =       0


|     Memory Use     Allocated
|     Real             1133575
|     Hollerith          44374
|     Integer           606660
|     Max Pairs        7728768
|     nblistReal        161016
|     nblist Int        472853
|       Total            44694 kbytes

| Note: 1-4 EEL scale factors are being read from the topology file.

| Note: 1-4 VDW scale factors are being read from the topology file.
| Duplicated    0 dihedrals
| Duplicated    0 dihedrals

     BOX TYPE: TRUNCATED OCTAHEDRON

--------------------------------------------------------------------------------
   2.  CONTROL  DATA  FOR  THE  RUN
--------------------------------------------------------------------------------

default_name                                                                    

General flags:
     imin    =       1, nmropt  =       0

Nature and format of input:
     ntx     =       1, irest   =       0, ntrx    =       1

Nature and format of output:
     ntxo    =       2, ntpr    =      50, ntrx    =       1, ntwr    =       1
     iwrap   =       0, ntwx    =       0, ntwv    =       0, ntwe    =       0
     ioutfm  =       1, ntwprt  =       0, idecomp =       0, rbornstat=      0

Potential function:
     ntf     =       1, ntb     =       1, igb     =       0, nsnb    =      25
     ipol    =       0, gbsa    =       0, iesp    =       0
     dielc   =   1.00000, cut     =  10.00000, intdiel =   1.00000

Frozen or restrained atoms:
     ibelly  =       0, ntr     =       0

Energy minimization:
     maxcyc  =    2500, ncyc    =    1000, ntmin   =       1
     dx0     =   0.01000, drms    =   0.00010

Ewald parameters:
     verbose =       0, ew_type =       0, nbflag  =       1, use_pme =       1
     vdwmeth =       1, eedmeth =       1, netfrc  =       0
     Box X =   59.134   Box Y =   59.134   Box Z =   59.134
     Alpha =  109.471   Beta  =  109.471   Gamma =  109.471
     NFFT1 =   60       NFFT2 =   60       NFFT3 =   60
     Cutoff=   10.000   Tol   =0.100E-04
     Ewald Coefficient =  0.27511
     Interpolation order =    4
|  INFO: Old style inpcrd file read


--------------------------------------------------------------------------------
   3.  ATOMIC COORDINATES AND VELOCITIES
--------------------------------------------------------------------------------

default_name                                                                    
 begin time read from input coords =     0.000 ps

 Number of triangulated 3-point waters found:     4033

     Sum of charges from parm topology file =  -0.00000004
     Forcing neutrality...

--------------------------------------------------------------------------------
   4.  RESULTS
--------------------------------------------------------------------------------

 ---------------------------------------------------
 APPROXIMATING switch and d/dx switch using CUBIC SPLINE INTERPOLATION
 using   5000.0 points per unit in tabled values
 TESTING RELATIVE ERROR over r ranging from 0.0 to cutoff
| CHECK switch(x): max rel err =   0.3316E-14   at   2.351880
| CHECK d/dx switch(x): max rel err =   0.8066E-11   at   2.747240
 ---------------------------------------------------
| Local SIZE OF NONBOND LIST =    4089118
| TOTAL SIZE OF NONBOND LIST =    4089118


   NSTEP       ENERGY          RMS            GMAX         NAME    NUMBER
      1      -5.0988E+04     1.4779E+00     3.2555E+01     OXT      1315

 BOND    =     3699.0514  ANGLE   =      134.5842  DIHED      =      908.5305
 VDWAALS =     8594.2177  EEL     =   -68216.7669  HBOND      =        0.0000
 1-4 VDW =      334.9681  1-4 EEL =     3557.7847  RESTRAINT  =        0.0000


   NSTEP       ENERGY          RMS            GMAX         NAME    NUMBER
     50      -5.1245E+04     6.1597E-01     1.5041E+01     C         464

 BOND    =     3735.0233  ANGLE   =      130.2984  DIHED      =      916.8586
 VDWAALS =     8575.6757  EEL     =   -68374.3780  HBOND      =        0.0000
 1-4 VDW =      281.2987  1-4 EEL =     3489.9365  RESTRAINT  =        0.0000


   NSTEP       ENERGY          RMS            GMAX         NAME    NUMBER
    100      -5.1310E+04     1.9485E-01     3.3820E+00     HG        575

 BOND    =     3739.5727  ANGLE   =      137.1225  DIHED      =      918.5534
 VDWAALS =     8597.0369  EEL     =   -68451.6389  HBOND      =        0.0000
 1-4 VDW =      272.1774  1-4 EEL =     3476.8154  RESTRAINT  =        0.0000


   NSTEP       ENERGY          RMS            GMAX         NAME    NUMBER
    150      -5.1362E+04     5.2467E-01     1.9897E+01     NE2      1059

 BOND    =     3747.6185  ANGLE   =      141.4948  DIHED      =      919.7199
 VDWAALS =     8620.4605  EEL     =   -68526.7096  HBOND      =        0.0000
 1-4 VDW =      267.6423  1-4 EEL =     3467.6937  RESTRAINT  =        0.0000


   NSTEP       ENERGY          RMS            GMAX         NAME    NUMBER
    200      -5.1407E+04     7.2300E-01     4.4665E+01     CE3       958

 BOND    =     3757.0108  ANGLE   =      143.8798  DIHED      =      920.6674
 VDWAALS =     8642.8340  EEL     =   -68597.4646  HBOND      =        0.0000
 1-4 VDW =      265.0648  1-4 EEL =     3461.1976  RESTRAINT  =        0.0000


   NSTEP       ENERGY          RMS            GMAX         NAME    NUMBER
    250      -5.1454E+04     2.8334E-01     1.3017E+01     CE3       958

 BOND    =     3761.6053  ANGLE   =      145.2291  DIHED      =      921.2517
 VDWAALS =     8664.6943  EEL     =   -68666.6445  HBOND      =        0.0000
 1-4 VDW =      263.2490  1-4 EEL =     3456.4318  RESTRAINT  =        0.0000


   NSTEP       ENERGY          RMS            GMAX         NAME    NUMBER
    300      -5.1494E+04     6.1374E-01     3.6577E+01     CE3       958

 BOND    =     3769.2443  ANGLE   =      147.2072  DIHED      =      921.0620
 VDWAALS =     8685.2590  EEL     =   -68731.6308  HBOND      =        0.0000
 1-4 VDW =      261.8219  1-4 EEL =     3453.0072  RESTRAINT  =        0.0000


   NSTEP       ENERGY          RMS            GMAX         NAME    NUMBER
    350      -5.1535E+04     2.8084E-01     1.2861E+01     CE3       958

 BOND    =     3773.2484  ANGLE   =      148.3338  DIHED      =      920.8955
 VDWAALS =     8705.6786  EEL     =   -68794.2039  HBOND      =        0.0000
 1-4 VDW =      260.7133  1-4 EEL =     3450.6624  RESTRAINT  =        0.0000


   NSTEP       ENERGY          RMS            GMAX         NAME    NUMBER
    400      -5.1569E+04     5.1485E-01     2.7080E+01     CE3       958

 BOND    =     3779.7750  ANGLE   =      149.6380  DIHED      =      920.8958
 VDWAALS =     8725.2100  EEL     =   -68853.0365  HBOND      =        0.0000
 1-4 VDW =      259.9256  1-4 EEL =     3448.9891  RESTRAINT  =        0.0000


   NSTEP       ENERGY          RMS            GMAX         NAME    NUMBER
    450      -5.1604E+04     1.5756E-01     3.7123E+00     CG       1166

 BOND    =     3783.5364  ANGLE   =      150.5746  DIHED      =      921.0619
 VDWAALS =     8744.3204  EEL     =   -68910.3119  HBOND      =        0.0000
 1-4 VDW =      259.3622  1-4 EEL =     3447.5940  RESTRAINT  =        0.0000


   NSTEP       ENERGY          RMS            GMAX         NAME    NUMBER
    500      -5.1635E+04     4.4732E-01     2.3316E+01     CG       1166

 BOND    =     3789.5197  ANGLE   =      151.5975  DIHED      =      921.4540
 VDWAALS =     8763.1746  EEL     =   -68965.9885  HBOND      =        0.0000
 1-4 VDW =      258.9265  1-4 EEL =     3446.3959  RESTRAINT  =        0.0000


   NSTEP       ENERGY          RMS            GMAX         NAME    NUMBER
    550      -5.1666E+04     1.5077E-01     2.8896E+00     CE1       210

 BOND    =     3793.1524  ANGLE   =      152.0746  DIHED      =      922.0369
 VDWAALS =     8780.8579  EEL     =   -69017.7764  HBOND      =        0.0000
 1-4 VDW =      258.5251  1-4 EEL =     3445.4491  RESTRAINT  =        0.0000


   NSTEP       ENERGY          RMS            GMAX         NAME    NUMBER
    600      -5.1695E+04     4.2130E-01     3.1378E+01     CG       1166

 BOND    =     3798.7509  ANGLE   =      152.6239  DIHED      =      922.8649
 VDWAALS =     8799.1962  EEL     =   -69071.3544  HBOND      =        0.0000
 1-4 VDW =      258.1787  1-4 EEL =     3444.5592  RESTRAINT  =        0.0000


   NSTEP       ENERGY          RMS            GMAX         NAME    NUMBER
    650      -5.1725E+04     1.7067E-01     5.5807E+00     CE1       210

 BOND    =     3802.1319  ANGLE   =      152.9818  DIHED      =      923.8622
 VDWAALS =     8816.4522  EEL     =   -69122.1304  HBOND      =        0.0000
 1-4 VDW =      257.9768  1-4 EEL =     3443.7642  RESTRAINT  =        0.0000


   NSTEP       ENERGY          RMS            GMAX         NAME    NUMBER
    700      -5.1755E+04     2.3663E-01     9.6393E+00     CE1       210

 BOND    =     3806.4150  ANGLE   =      153.4715  DIHED      =      924.5267
 VDWAALS =     8833.6102  EEL     =   -69173.7075  HBOND      =        0.0000
 1-4 VDW =      257.7851  1-4 EEL =     3443.1450  RESTRAINT  =        0.0000


   NSTEP       ENERGY          RMS            GMAX         NAME    NUMBER
    750      -5.1790E+04     4.5952E-01     2.3599E+01     CE1       210

 BOND    =     3811.3398  ANGLE   =      153.9755  DIHED      =      922.1154
 VDWAALS =     8850.9198  EEL     =   -69227.9366  HBOND      =        0.0000
 1-4 VDW =      257.5546  1-4 EEL =     3442.4630  RESTRAINT  =        0.0000


   NSTEP       ENERGY          RMS            GMAX         NAME    NUMBER
    800      -5.1821E+04     1.4542E-01     5.4454E+00     HH        435

 BOND    =     3814.1789  ANGLE   =      153.5839  DIHED      =      921.0895
 VDWAALS =     8866.9450  EEL     =   -69275.8524  HBOND      =        0.0000
 1-4 VDW =      257.2206  1-4 EEL =     3441.8654  RESTRAINT  =        0.0000


   NSTEP       ENERGY          RMS            GMAX         NAME    NUMBER
    850      -5.1847E+04     3.8517E-01     1.9921E+01     CE1       210

 BOND    =     3819.0210  ANGLE   =      153.7917  DIHED      =      920.9759
 VDWAALS =     8883.3241  EEL     =   -69322.3034  HBOND      =        0.0000
 1-4 VDW =      256.9829  1-4 EEL =     3441.5498  RESTRAINT  =        0.0000


   NSTEP       ENERGY          RMS            GMAX         NAME    NUMBER
    900      -5.1872E+04     1.4056E-01     3.7126E+00     CE1       210

 BOND    =     3822.0167  ANGLE   =      153.9932  DIHED      =      920.9348
 VDWAALS =     8899.4309  EEL     =   -69366.8258  HBOND      =        0.0000
 1-4 VDW =      256.7965  1-4 EEL =     3441.3658  RESTRAINT  =        0.0000


   NSTEP       ENERGY          RMS            GMAX         NAME    NUMBER
    950      -5.1896E+04     3.7514E-01     2.2913E+01     CG       1166

 BOND    =     3826.5130  ANGLE   =      154.2909  DIHED      =      920.8767
 VDWAALS =     8915.6741  EEL     =   -69410.7561  HBOND      =        0.0000
 1-4 VDW =      256.6299  1-4 EEL =     3441.1884  RESTRAINT  =        0.0000


   NSTEP       ENERGY          RMS            GMAX         NAME    NUMBER
   1000      -5.1917E+04     5.0690E-01     2.7080E+01     CE1       210

 BOND    =     3830.8582  ANGLE   =      154.5345  DIHED      =      920.7877
 VDWAALS =     8931.4310  EEL     =   -69452.4611  HBOND      =        0.0000
 1-4 VDW =      256.5527  1-4 EEL =     3440.8824  RESTRAINT  =        0.0000


   NSTEP       ENERGY          RMS            GMAX         NAME    NUMBER
   1050      -5.2182E+04     3.6489E-01     1.7076E+01     CG       1166

 BOND    =     3883.7732  ANGLE   =      154.9417  DIHED      =      920.1420
 VDWAALS =     9177.6848  EEL     =   -70013.1863  HBOND      =        0.0000
 1-4 VDW =      257.8635  1-4 EEL =     3437.0252  RESTRAINT  =        0.0000


   NSTEP       ENERGY          RMS            GMAX         NAME    NUMBER
   1100      -5.2254E+04     2.4842E-01     7.2439E+00     NE2        15

 BOND    =     3891.5246  ANGLE   =      154.7044  DIHED      =      919.0078
 VDWAALS =     9195.1209  EEL     =   -70109.1381  HBOND      =        0.0000
 1-4 VDW =      257.3063  1-4 EEL =     3437.2256  RESTRAINT  =        0.0000


   NSTEP       ENERGY          RMS            GMAX         NAME    NUMBER
   1150      -5.2312E+04     2.8215E-01     8.8672E+00     NE2        15

 BOND    =     3899.4870  ANGLE   =      155.0576  DIHED      =      918.5621
 VDWAALS =     9216.0966  EEL     =   -70195.1495  HBOND      =        0.0000
 1-4 VDW =      257.0973  1-4 EEL =     3436.5435  RESTRAINT  =        0.0000


   NSTEP       ENERGY          RMS            GMAX         NAME    NUMBER
   1200      -5.2368E+04     2.6368E-01     7.6281E+00     CG         10

 BOND    =     3907.1105  ANGLE   =      155.4188  DIHED      =      918.2827
 VDWAALS =     9242.2787  EEL     =   -70284.0981  HBOND      =        0.0000
 1-4 VDW =      256.9781  1-4 EEL =     3436.0713  RESTRAINT  =        0.0000


   NSTEP       ENERGY          RMS            GMAX         NAME    NUMBER
   1250      -5.2420E+04     2.8162E-01     8.2356E+00     CG         10

 BOND    =     3914.0396  ANGLE   =      155.8679  DIHED      =      918.0116
 VDWAALS =     9264.6132  EEL     =   -70364.8839  HBOND      =        0.0000
 1-4 VDW =      256.7110  1-4 EEL =     3435.2912  RESTRAINT  =        0.0000


   NSTEP       ENERGY          RMS            GMAX         NAME    NUMBER
   1300      -5.2484E+04     2.9453E-01     8.8643E+00     CG         10

 BOND    =     3922.7942  ANGLE   =      156.8494  DIHED      =      917.8578
 VDWAALS =     9295.0398  EEL     =   -70467.4908  HBOND      =        0.0000
 1-4 VDW =      256.7436  1-4 EEL =     3434.3181  RESTRAINT  =        0.0000


   NSTEP       ENERGY          RMS            GMAX         NAME    NUMBER
   1350      -5.2532E+04     3.3542E-01     9.6973E+00     CG         10

 BOND    =     3928.5046  ANGLE   =      157.0536  DIHED      =      917.7783
 VDWAALS =     9319.6161  EEL     =   -70544.5897  HBOND      =        0.0000
 1-4 VDW =      256.5770  1-4 EEL =     3433.5486  RESTRAINT  =        0.0000


   NSTEP       ENERGY          RMS            GMAX         NAME    NUMBER
   1400      -5.2579E+04     2.7622E-01     7.8929E+00     NE        455

 BOND    =     3934.5579  ANGLE   =      157.5647  DIHED      =      917.8073
 VDWAALS =     9343.1197  EEL     =   -70621.3583  HBOND      =        0.0000
 1-4 VDW =      256.3628  1-4 EEL =     3432.5323  RESTRAINT  =        0.0000


   NSTEP       ENERGY          RMS            GMAX         NAME    NUMBER
   1450      -5.2622E+04     2.9478E-01     8.4294E+00     CG       1166

 BOND    =     3940.5187  ANGLE   =      158.2051  DIHED      =      917.8474
 VDWAALS =     9366.0978  EEL     =   -70692.7190  HBOND      =        0.0000
 1-4 VDW =      256.1900  1-4 EEL =     3431.7308  RESTRAINT  =        0.0000


   NSTEP       ENERGY          RMS            GMAX         NAME    NUMBER
   1500      -5.2659E+04     2.6389E-01     7.3424E+00     CB         38

 BOND    =     3945.2850  ANGLE   =      158.5541  DIHED      =      917.8344
 VDWAALS =     9385.3303  EEL     =   -70753.9475  HBOND      =        0.0000
 1-4 VDW =      255.9985  1-4 EEL =     3431.4889  RESTRAINT  =        0.0000


   NSTEP       ENERGY          RMS            GMAX         NAME    NUMBER
   1550      -5.2693E+04     3.0025E-01     1.1133E+01     CG       1166

 BOND    =     3950.5929  ANGLE   =      158.4713  DIHED      =      917.9047
 VDWAALS =     9405.6653  EEL     =   -70812.3896  HBOND      =        0.0000
 1-4 VDW =      255.9500  1-4 EEL =     3431.2209  RESTRAINT  =        0.0000


   NSTEP       ENERGY          RMS            GMAX         NAME    NUMBER
   1600      -5.2723E+04     2.7729E-01     8.7547E+00     CB         38

 BOND    =     3954.8709  ANGLE   =      158.5129  DIHED      =      918.1411
 VDWAALS =     9422.6932  EEL     =   -70864.5415  HBOND      =        0.0000
 1-4 VDW =      255.8286  1-4 EEL =     3431.1151  RESTRAINT  =        0.0000


   NSTEP       ENERGY          RMS            GMAX         NAME    NUMBER
   1650      -5.2754E+04     2.6796E-01     7.2743E+00     NE        455

 BOND    =     3959.4074  ANGLE   =      158.6653  DIHED      =      918.3928
 VDWAALS =     9438.1746  EEL     =   -70914.9487  HBOND      =        0.0000
 1-4 VDW =      255.6529  1-4 EEL =     3430.9879  RESTRAINT  =        0.0000


   NSTEP       ENERGY          RMS            GMAX         NAME    NUMBER
   1700      -5.2786E+04     2.6980E-01     7.3164E+00     NE        455

 BOND    =     3964.3893  ANGLE   =      158.7982  DIHED      =      918.5705
 VDWAALS =     9455.9099  EEL     =   -70969.9218  HBOND      =        0.0000
 1-4 VDW =      255.5431  1-4 EEL =     3431.1009  RESTRAINT  =        0.0000


   NSTEP       ENERGY          RMS            GMAX         NAME    NUMBER
   1750      -5.2815E+04     2.5966E-01     8.8866E+00     CB         38

 BOND    =     3968.8763  ANGLE   =      158.9168  DIHED      =      918.5466
 VDWAALS =     9474.3133  EEL     =   -71022.4683  HBOND      =        0.0000
 1-4 VDW =      255.4029  1-4 EEL =     3431.1721  RESTRAINT  =        0.0000


   NSTEP       ENERGY          RMS            GMAX         NAME    NUMBER
   1800      -5.2847E+04     2.6879E-01     9.6909E+00     CB         38

 BOND    =     3974.1029  ANGLE   =      158.9039  DIHED      =      918.3212
 VDWAALS =     9497.6635  EEL     =   -71082.8921  HBOND      =        0.0000
 1-4 VDW =      255.3648  1-4 EEL =     3431.2646  RESTRAINT  =        0.0000


   NSTEP       ENERGY          RMS            GMAX         NAME    NUMBER
   1850      -5.2872E+04     2.4715E-01     1.0343E+01     CB         38

 BOND    =     3978.6092  ANGLE   =      158.9947  DIHED      =      918.3756
 VDWAALS =     9515.3188  EEL     =   -71129.4278  HBOND      =        0.0000
 1-4 VDW =      255.1751  1-4 EEL =     3430.7040  RESTRAINT  =        0.0000


   NSTEP       ENERGY          RMS            GMAX         NAME    NUMBER
   1900      -5.2896E+04     2.6223E-01     8.9686E+00     CB          7

 BOND    =     3983.5768  ANGLE   =      159.0689  DIHED      =      918.3826
 VDWAALS =     9531.6124  EEL     =   -71174.2280  HBOND      =        0.0000
 1-4 VDW =      255.0534  1-4 EEL =     3430.1797  RESTRAINT  =        0.0000


   NSTEP       ENERGY          RMS            GMAX         NAME    NUMBER
   1950      -5.2918E+04     2.1140E-01     5.7693E+00     CB          7

 BOND    =     3986.0701  ANGLE   =      159.2416  DIHED      =      918.3621
 VDWAALS =     9545.3245  EEL     =   -71212.0534  HBOND      =        0.0000
 1-4 VDW =      254.8709  1-4 EEL =     3429.7520  RESTRAINT  =        0.0000


   NSTEP       ENERGY          RMS            GMAX         NAME    NUMBER
   2000      -5.2941E+04     2.3872E-01     9.6274E+00     CG       1166

 BOND    =     3990.5067  ANGLE   =      159.6028  DIHED      =      918.4291
 VDWAALS =     9561.1354  EEL     =   -71255.2161  HBOND      =        0.0000
 1-4 VDW =      254.7826  1-4 EEL =     3429.2729  RESTRAINT  =        0.0000


   NSTEP       ENERGY          RMS            GMAX         NAME    NUMBER
   2050      -5.2963E+04     1.9082E-01     6.3507E+00     CB          7

 BOND    =     3994.2735  ANGLE   =      159.7269  DIHED      =      918.4295
 VDWAALS =     9577.3307  EEL     =   -71295.9691  HBOND      =        0.0000
 1-4 VDW =      254.6860  1-4 EEL =     3428.8325  RESTRAINT  =        0.0000


   NSTEP       ENERGY          RMS            GMAX         NAME    NUMBER
   2100      -5.2984E+04     1.8628E-01     5.8403E+00     CB          7

 BOND    =     3998.5509  ANGLE   =      159.9386  DIHED      =      918.5006
 VDWAALS =     9595.0411  EEL     =   -71339.5351  HBOND      =        0.0000
 1-4 VDW =      254.5471  1-4 EEL =     3428.4571  RESTRAINT  =        0.0000


   NSTEP       ENERGY          RMS            GMAX         NAME    NUMBER
   2150      -5.3006E+04     1.8269E-01     6.0501E+00     CB          7

 BOND    =     4002.4013  ANGLE   =      160.1301  DIHED      =      918.6005
 VDWAALS =     9611.9711  EEL     =   -71381.7606  HBOND      =        0.0000
 1-4 VDW =      254.4166  1-4 EEL =     3428.0985  RESTRAINT  =        0.0000


   NSTEP       ENERGY          RMS            GMAX         NAME    NUMBER
   2200      -5.3028E+04     1.7376E-01     6.0476E+00     CB          7

 BOND    =     4005.8423  ANGLE   =      160.1617  DIHED      =      918.6865
 VDWAALS =     9626.6697  EEL     =   -71421.4844  HBOND      =        0.0000
 1-4 VDW =      254.3531  1-4 EEL =     3427.6720  RESTRAINT  =        0.0000


   NSTEP       ENERGY          RMS            GMAX         NAME    NUMBER
   2250      -5.3051E+04     1.2636E-01     3.6634E+00     CB          7

 BOND    =     4008.9588  ANGLE   =      160.0063  DIHED      =      918.6879
 VDWAALS =     9642.3211  EEL     =   -71463.1364  HBOND      =        0.0000
 1-4 VDW =      254.2775  1-4 EEL =     3427.4946  RESTRAINT  =        0.0000


   NSTEP       ENERGY          RMS            GMAX         NAME    NUMBER
   2300      -5.3089E+04     1.1436E-01     5.7306E+00     H1       7135

 BOND    =     4014.4238  ANGLE   =      160.2493  DIHED      =      918.5620
 VDWAALS =     9672.8773  EEL     =   -71536.2085  HBOND      =        0.0000
 1-4 VDW =      254.1261  1-4 EEL =     3427.2845  RESTRAINT  =        0.0000


   NSTEP       ENERGY          RMS            GMAX         NAME    NUMBER
   2350      -5.3117E+04     1.4660E-01     6.5958E+00     O        7134

 BOND    =     4020.3023  ANGLE   =      160.5823  DIHED      =      918.3164
 VDWAALS =     9694.9440  EEL     =   -71592.5495  HBOND      =        0.0000
 1-4 VDW =      254.0379  1-4 EEL =     3427.2671  RESTRAINT  =        0.0000


   NSTEP       ENERGY          RMS            GMAX         NAME    NUMBER
   2400      -5.3139E+04     1.4275E-01     7.3620E+00     CG       1166

 BOND    =     4023.1020  ANGLE   =      160.8174  DIHED      =      918.2725
 VDWAALS =     9714.3464  EEL     =   -71637.1173  HBOND      =        0.0000
 1-4 VDW =      253.9879  1-4 EEL =     3427.1682  RESTRAINT  =        0.0000


   NSTEP       ENERGY          RMS            GMAX         NAME    NUMBER
   2450      -5.3163E+04     1.6389E-01     8.7409E+00     C        1133

 BOND    =     4027.2366  ANGLE   =      161.0054  DIHED      =      918.1943
 VDWAALS =     9731.7802  EEL     =   -71681.6045  HBOND      =        0.0000
 1-4 VDW =      253.8906  1-4 EEL =     3426.8396  RESTRAINT  =        0.0000


   NSTEP       ENERGY          RMS            GMAX         NAME    NUMBER
   2500      -5.3182E+04     1.6058E-01     6.8629E+00     C        1133

 BOND    =     4029.9772  ANGLE   =      161.2005  DIHED      =      918.1001
 VDWAALS =     9744.2695  EEL     =   -71715.4556  HBOND      =        0.0000
 1-4 VDW =      253.7602  1-4 EEL =     3426.4044  RESTRAINT  =        0.0000


  Maximum number of minimization cycles reached.


                    FINAL RESULTS



   NSTEP       ENERGY          RMS            GMAX         NAME    NUMBER
   2500      -5.3182E+04     1.6058E-01     6.8629E+00     C        1133

 BOND    =     4029.9772  ANGLE   =      161.2005  DIHED      =      918.1001
 VDWAALS =     9744.2695  EEL     =   -71715.4556  HBOND      =        0.0000
 1-4 VDW =      253.7602  1-4 EEL =     3426.4044  RESTRAINT  =        0.0000

--------------------------------------------------------------------------------
   5.  TIMINGS
--------------------------------------------------------------------------------

|                Build the list             1.40 (92.18% of List )
|                Other                      0.12 ( 7.82% of List )
|             List time                  1.52 ( 0.60% of Nonbo)
|                   Short_ene time           211.08 (99.47% of Direc)
|                   Other                      1.12 ( 0.53% of Direc)
|                Direct Ewald time        212.20 (83.95% of Ewald)
|                Adjust Ewald time          1.37 ( 0.54% of Ewald)
|                   Fill Bspline coeffs        1.59 ( 4.09% of Recip)
|                   Fill charge grid           4.47 (11.51% of Recip)
|                   Scalar sum                 9.64 (24.79% of Recip)
|                   Grad sum                   9.23 (23.73% of Recip)
|                   FFT time                  13.95 (35.88% of Recip)
|                   Other                      0.00 ( 0.01% of Recip)
|                Recip Ewald time          38.87 (15.38% of Ewald)
|                Virial junk                0.13 ( 0.05% of Ewald)
|                Other                      0.19 ( 0.07% of Ewald)
|             Ewald time               252.77 (99.40% of Nonbo)
|          Nonbond force            254.29 (99.30% of Force)
|          Bond/Angle/Dihedral        1.74 ( 0.68% of Force)
|          Other                      0.05 ( 0.02% of Force)
|       Force time               256.08 (100.0% of Runmd)
|    Runmd Time               256.08 (98.72% of Total)
|    Other                      3.31 ( 1.28% of Total)
| Total time               259.40 (100.0% of ALL  )

| Number of list builds   :         11

| Highest rstack allocated:     834988
| Highest istack allocated:      13418
|           Job began  at 12:52:12.972  on 06/09/2022
|           Setup done at 12:52:13.117  on 06/09/2022
|           Run   done at 12:56:32.371  on 06/09/2022
|     wallclock() was called   95070 times
