
          -------------------------------------------------------
          Amber 16 SANDER                              2016
          -------------------------------------------------------

| Run on 06/09/2022 at 12:50:27

|   Executable path: sander
| Working directory: /cache/home/ejd119/ccl2_2022
|          Hostname: gpu008

  [-O]verwriting output

File Assignments:
|  MDIN: min2_81.in                                                            
| MDOUT: ydap_min2_mmp.out                                                     
|INPCRD: ydap_sol.crd                                                          
|  PARM: ydap_sol.prmtop                                                       
|RESTRT: ydap_min2_mmp.ncrst                                                   
|  REFC: ydap_sol.crd                                                          
| MDVEL: mdvel                                                                 
| MDFRC: mdfrc                                                                 
|  MDEN: mden                                                                  
| MDCRD: ydap_min2_mmp.nc                                                      
|MDINFO: ydap_min2_mmp.mdinfo                                                  
|  MTMD: mtmd                                                                  
|INPDIP: inpdip                                                                
|RSTDIP: rstdip                                                                
|INPTRA: inptraj                                                               

 
 Here is the input file:
 
stage 1 - minimization of solvent + ions                                       
 &cntrl                                                                        
  imin=1,	!run minimization                                                    
  ntx=1,	!read coordinates 	                                                   
  maxcyc=1000,	!number of minimization steps                                   
  ntmin=1,	!steepest descent then conjugate gradient                           
  ncyc=500,	!point where stepest descent switches to conjugate gradient        
  cut=10.0,	!vanderwaals cutoff in angstroms                                   
  ntb=1,	!constant volume periodic boundaries                                  
  ntpr=50,	!print to mdinfo every 50 steps                                     
  ntr=1		!position restraints active                                           
 /                                                                             
Hold the protein fixed                                                         
500.0                                                                          
RES 1 81                                                                       
END                                                                            
END                                                                            

--------------------------------------------------------------------------------
   1.  RESOURCE   USE: 
--------------------------------------------------------------------------------

| Flags:                                                                        
 getting new box info from bottom of inpcrd
|  INFO: Old style inpcrd file read

| peek_ewald_inpcrd: Box info found
|Largest sphere to fit in unit cell has radius =    24.141
| New format PARM file being parsed.
| Version =    1.000 Date = 06/09/22 Time = 12:32:00
 NATOM  =   13418 NTYPES =      17 NBONH =   12761 MBONA  =     665
 NTHETH =    1509 MTHETA =     898 NPHIH =    3012 MPHIA  =    2844
 NHPARM =       0 NPARM  =       0 NNB   =   23419 NRES   =    4118
 NBONA  =     665 NTHETA =     898 NPHIA =    2844 NUMBND =      67
 NUMANG =     153 NPTRA  =     191 NATYP =      36 NPHB   =       1
 IFBOX  =       2 NMXRS  =      24 IFCAP =       0 NEXTRA =       0
 NCOPY  =       0


|     Memory Use     Allocated
|     Real             1187297
|     Hollerith          44374
|     Integer           606660
|     Max Pairs        7728768
|     nblistReal        161016
|     nblist Int        472853
|       Total            45114 kbytes

| Note: 1-4 EEL scale factors are being read from the topology file.

| Note: 1-4 VDW scale factors are being read from the topology file.
| Duplicated    0 dihedrals
| Duplicated    0 dihedrals

     BOX TYPE: TRUNCATED OCTAHEDRON

--------------------------------------------------------------------------------
   2.  CONTROL  DATA  FOR  THE  RUN
--------------------------------------------------------------------------------

default_name                                                                    

General flags:
     imin    =       1, nmropt  =       0

Nature and format of input:
     ntx     =       1, irest   =       0, ntrx    =       1

Nature and format of output:
     ntxo    =       2, ntpr    =      50, ntrx    =       1, ntwr    =       1
     iwrap   =       0, ntwx    =       0, ntwv    =       0, ntwe    =       0
     ioutfm  =       1, ntwprt  =       0, idecomp =       0, rbornstat=      0

Potential function:
     ntf     =       1, ntb     =       1, igb     =       0, nsnb    =      25
     ipol    =       0, gbsa    =       0, iesp    =       0
     dielc   =   1.00000, cut     =  10.00000, intdiel =   1.00000

Frozen or restrained atoms:
     ibelly  =       0, ntr     =       1
     restraint_wt =   0.00000

Energy minimization:
     maxcyc  =    1000, ncyc    =     500, ntmin   =       1
     dx0     =   0.01000, drms    =   0.00010

Ewald parameters:
     verbose =       0, ew_type =       0, nbflag  =       1, use_pme =       1
     vdwmeth =       1, eedmeth =       1, netfrc  =       0
     Box X =   59.134   Box Y =   59.134   Box Z =   59.134
     Alpha =  109.471   Beta  =  109.471   Gamma =  109.471
     NFFT1 =   60       NFFT2 =   60       NFFT3 =   60
     Cutoff=   10.000   Tol   =0.100E-04
     Ewald Coefficient =  0.27511
     Interpolation order =    4

    LOADING THE CONSTRAINED ATOMS AS GROUPS


   5.  REFERENCE ATOM COORDINATES

  defa
    ----- READING GROUP     1; TITLE:
 Hold the protein fixed                                                      

     GROUP    1 HAS HARMONIC CONSTRAINTS   500.00000
 GRP    1 RES    1 TO    81
      Number of atoms in this group  =  1315
    ----- END OF GROUP READ -----

--------------------------------------------------------------------------------
   3.  ATOMIC COORDINATES AND VELOCITIES
--------------------------------------------------------------------------------

default_name                                                                    
 begin time read from input coords =     0.000 ps

 Number of triangulated 3-point waters found:     4033

     Sum of charges from parm topology file =  -0.00000004
     Forcing neutrality...

--------------------------------------------------------------------------------
   4.  RESULTS
--------------------------------------------------------------------------------

 ---------------------------------------------------
 APPROXIMATING switch and d/dx switch using CUBIC SPLINE INTERPOLATION
 using   5000.0 points per unit in tabled values
 TESTING RELATIVE ERROR over r ranging from 0.0 to cutoff
| CHECK switch(x): max rel err =   0.3316E-14   at   2.351880
| CHECK d/dx switch(x): max rel err =   0.8066E-11   at   2.747240
 ---------------------------------------------------
| Local SIZE OF NONBOND LIST =    4086522
| TOTAL SIZE OF NONBOND LIST =    4086522


   NSTEP       ENERGY          RMS            GMAX         NAME    NUMBER
      1       1.4794E+08     1.7426E+07     2.2673E+09     O        3543

 BOND    =       61.9412  ANGLE   =      165.5097  DIHED      =      911.6673
 VDWAALS = *************  EEL     =   -42659.2405  HBOND      =        0.0000
 1-4 VDW =      346.0302  1-4 EEL =     3570.0878  RESTRAINT  =        0.0000


   NSTEP       ENERGY          RMS            GMAX         NAME    NUMBER
     50      -4.0807E+04     2.0165E+00     7.3446E+01     C        1133

 BOND    =     2168.9405  ANGLE   =      133.9277  DIHED      =      908.9954
 VDWAALS =     3255.4048  EEL     =   -51210.8960  HBOND      =        0.0000
 1-4 VDW =      334.9562  1-4 EEL =     3558.6550  RESTRAINT  =       43.3712
 EAMBER  =   -40850.0164


   NSTEP       ENERGY          RMS            GMAX         NAME    NUMBER
    100      -4.3024E+04     1.8111E+00     1.3188E+02     C        1133

 BOND    =     2439.6491  ANGLE   =      136.1874  DIHED      =      908.7518
 VDWAALS =     3558.5423  EEL     =   -54000.9541  HBOND      =        0.0000
 1-4 VDW =      335.1439  1-4 EEL =     3559.1125  RESTRAINT  =       40.0168
 EAMBER  =   -43063.5671


   NSTEP       ENERGY          RMS            GMAX         NAME    NUMBER
    150      -4.4071E+04     1.0585E+00     4.4568E+01     C        1133

 BOND    =     2533.3935  ANGLE   =      133.3046  DIHED      =      908.8581
 VDWAALS =     3869.1043  EEL     =   -55452.1446  HBOND      =        0.0000
 1-4 VDW =      334.8269  1-4 EEL =     3557.8976  RESTRAINT  =       44.2345
 EAMBER  =   -44114.7596


   NSTEP       ENERGY          RMS            GMAX         NAME    NUMBER
    200      -4.4770E+04     2.2191E+00     1.2481E+02     C        1133

 BOND    =     2639.4977  ANGLE   =      133.1663  DIHED      =      908.9705
 VDWAALS =     4170.1067  EEL     =   -56569.9308  HBOND      =        0.0000
 1-4 VDW =      334.7105  1-4 EEL =     3557.1957  RESTRAINT  =       55.9314
 EAMBER  =   -44826.2834


   NSTEP       ENERGY          RMS            GMAX         NAME    NUMBER
    250      -4.5342E+04     1.0928E+00     5.8992E+01     C        1133

 BOND    =     2706.3731  ANGLE   =      136.4694  DIHED      =      908.6907
 VDWAALS =     4450.9694  EEL     =   -57476.1459  HBOND      =        0.0000
 1-4 VDW =      335.0122  1-4 EEL =     3558.7723  RESTRAINT  =       38.2701
 EAMBER  =   -45379.8588


   NSTEP       ENERGY          RMS            GMAX         NAME    NUMBER
    300      -4.5774E+04     1.7881E+00     1.0247E+02     C        1133

 BOND    =     2779.4905  ANGLE   =      139.4258  DIHED      =      908.6567
 VDWAALS =     4706.5041  EEL     =   -58240.7951  HBOND      =        0.0000
 1-4 VDW =      335.0311  1-4 EEL =     3559.0428  RESTRAINT  =       38.7063
 EAMBER  =   -45812.6440


   NSTEP       ENERGY          RMS            GMAX         NAME    NUMBER
    350      -4.6158E+04     5.6436E-01     1.0296E+01     C        1133

 BOND    =     2830.5386  ANGLE   =      133.5663  DIHED      =      908.7358
 VDWAALS =     4940.5140  EEL     =   -58905.3400  HBOND      =        0.0000
 1-4 VDW =      334.8500  1-4 EEL =     3558.1613  RESTRAINT  =       41.4278
 EAMBER  =   -46198.9740


   NSTEP       ENERGY          RMS            GMAX         NAME    NUMBER
    400      -4.6479E+04     1.5576E+00     8.8415E+01     CG       1166

 BOND    =     2894.2525  ANGLE   =      132.3711  DIHED      =      908.8356
 VDWAALS =     5168.2553  EEL     =   -59523.6373  HBOND      =        0.0000
 1-4 VDW =      334.8727  1-4 EEL =     3557.4914  RESTRAINT  =       48.5760
 EAMBER  =   -46527.5587


   NSTEP       ENERGY          RMS            GMAX         NAME    NUMBER
    450      -4.6763E+04     5.3369E-01     1.8058E+01     C        1133

 BOND    =     2934.3532  ANGLE   =      134.7651  DIHED      =      908.6760
 VDWAALS =     5366.5487  EEL     =   -60040.7184  HBOND      =        0.0000
 1-4 VDW =      334.8836  1-4 EEL =     3558.4606  RESTRAINT  =       39.6556
 EAMBER  =   -46803.0312


   NSTEP       ENERGY          RMS            GMAX         NAME    NUMBER
    500      -4.7007E+04     1.5715E+00     1.1693E+02     CG       1166

 BOND    =     2985.8850  ANGLE   =      137.7914  DIHED      =      908.6154
 VDWAALS =     5556.7981  EEL     =   -60528.9964  HBOND      =        0.0000
 1-4 VDW =      334.8200  1-4 EEL =     3558.6873  RESTRAINT  =       39.4106
 EAMBER  =   -47046.3991


   NSTEP       ENERGY          RMS            GMAX         NAME    NUMBER
    550      -4.8591E+04     1.3409E+00     6.5494E+01     H1      13063

 BOND    =     3326.5984  ANGLE   =      135.5187  DIHED      =      908.5915
 VDWAALS =     7090.9997  EEL     =   -63985.2161  HBOND      =        0.0000
 1-4 VDW =      335.0477  1-4 EEL =     3558.4359  RESTRAINT  =       39.0682
 EAMBER  =   -48630.0242


   NSTEP       ENERGY          RMS            GMAX         NAME    NUMBER
    600      -4.9041E+04     1.1103E+00     7.0497E+01     CG       1166

 BOND    =     3383.3637  ANGLE   =      136.6748  DIHED      =      908.6430
 VDWAALS =     7241.8053  EEL     =   -64644.4066  HBOND      =        0.0000
 1-4 VDW =      335.0164  1-4 EEL =     3558.5017  RESTRAINT  =       39.3347
 EAMBER  =   -49080.4018


   NSTEP       ENERGY          RMS            GMAX         NAME    NUMBER
    650      -4.9448E+04     6.6784E-01     3.2362E+01     H1      13174

 BOND    =     3446.9394  ANGLE   =      134.3134  DIHED      =      908.7399
 VDWAALS =     7503.9623  EEL     =   -65375.4515  HBOND      =        0.0000
 1-4 VDW =      334.8661  1-4 EEL =     3558.2723  RESTRAINT  =       40.8424
 EAMBER  =   -49488.3581


   NSTEP       ENERGY          RMS            GMAX         NAME    NUMBER
    700      -4.9841E+04     4.9251E-01     1.9118E+01     CB       1163

 BOND    =     3502.9688  ANGLE   =      134.0134  DIHED      =      908.5840
 VDWAALS =     7778.9284  EEL     =   -66099.0839  HBOND      =        0.0000
 1-4 VDW =      334.8158  1-4 EEL =     3557.9756  RESTRAINT  =       41.2253
 EAMBER  =   -49881.7979


   NSTEP       ENERGY          RMS            GMAX         NAME    NUMBER
    750      -5.0252E+04     5.5821E-01     2.6916E+01     C        1133

 BOND    =     3607.3435  ANGLE   =      134.3063  DIHED      =      908.6029
 VDWAALS =     8126.8114  EEL     =   -66962.6340  HBOND      =        0.0000
 1-4 VDW =      334.7565  1-4 EEL =     3557.8912  RESTRAINT  =       40.7521
 EAMBER  =   -50292.9221


   NSTEP       ENERGY          RMS            GMAX         NAME    NUMBER
    800      -5.0447E+04     6.0567E-01     1.8595E+01     C        1133

 BOND    =     3628.8146  ANGLE   =      134.9397  DIHED      =      908.5007
 VDWAALS =     8248.4079  EEL     =   -67300.7105  HBOND      =        0.0000
 1-4 VDW =      334.7500  1-4 EEL =     3557.9754  RESTRAINT  =       40.7512
 EAMBER  =   -50487.3222


   NSTEP       ENERGY          RMS            GMAX         NAME    NUMBER
    850      -5.0588E+04     5.3770E-01     1.3423E+01     H1       2887

 BOND    =     3652.4014  ANGLE   =      134.8947  DIHED      =      908.4922
 VDWAALS =     8339.4666  EEL     =   -67556.4812  HBOND      =        0.0000
 1-4 VDW =      334.7491  1-4 EEL =     3558.0173  RESTRAINT  =       40.6656
 EAMBER  =   -50628.4598


   NSTEP       ENERGY          RMS            GMAX         NAME    NUMBER
    900      -5.0715E+04     4.8821E-01     1.1688E+01     H1       2887

 BOND    =     3674.8033  ANGLE   =      134.8071  DIHED      =      908.5375
 VDWAALS =     8431.6068  EEL     =   -67797.8493  HBOND      =        0.0000
 1-4 VDW =      334.8072  1-4 EEL =     3558.0798  RESTRAINT  =       40.4250
 EAMBER  =   -50755.2077


   NSTEP       ENERGY          RMS            GMAX         NAME    NUMBER
    950      -5.0833E+04     5.1348E-01     1.1936E+01     H2       2888

 BOND    =     3688.6292  ANGLE   =      134.7981  DIHED      =      908.5288
 VDWAALS =     8513.8534  EEL     =   -68012.6969  HBOND      =        0.0000
 1-4 VDW =      334.8696  1-4 EEL =     3558.0138  RESTRAINT  =       40.6544
 EAMBER  =   -50874.0040


   NSTEP       ENERGY          RMS            GMAX         NAME    NUMBER
   1000      -5.0947E+04     5.3268E-01     1.4214E+01     O       13314

 BOND    =     3699.0514  ANGLE   =      134.5842  DIHED      =      908.5305
 VDWAALS =     8594.2177  EEL     =   -68216.7669  HBOND      =        0.0000
 1-4 VDW =      334.9681  1-4 EEL =     3557.7847  RESTRAINT  =       40.9733
 EAMBER  =   -50987.6303


  Maximum number of minimization cycles reached.


                    FINAL RESULTS



   NSTEP       ENERGY          RMS            GMAX         NAME    NUMBER
   1000      -5.0947E+04     5.3268E-01     1.4214E+01     O       13314

 BOND    =     3699.0514  ANGLE   =      134.5842  DIHED      =      908.5305
 VDWAALS =     8594.2177  EEL     =   -68216.7669  HBOND      =        0.0000
 1-4 VDW =      334.9681  1-4 EEL =     3557.7847  RESTRAINT  =       40.9733
 EAMBER  =   -50987.6303

--------------------------------------------------------------------------------
   5.  TIMINGS
--------------------------------------------------------------------------------

|    Read coords time           0.01 ( 0.01% of Total)
|                Build the list             1.08 (95.18% of List )
|                Other                      0.05 ( 4.82% of List )
|             List time                  1.14 ( 1.10% of Nonbo)
|                   Short_ene time            85.56 (99.46% of Direc)
|                   Other                      0.46 ( 0.54% of Direc)
|                Direct Ewald time         86.02 (84.16% of Ewald)
|                Adjust Ewald time          0.55 ( 0.54% of Ewald)
|                   Fill Bspline coeffs        0.62 ( 4.00% of Recip)
|                   Fill charge grid           1.76 (11.33% of Recip)
|                   Scalar sum                 3.88 (25.06% of Recip)
|                   Grad sum                   3.71 (23.93% of Recip)
|                   FFT time                   5.53 (35.67% of Recip)
|                   Other                      0.00 ( 0.01% of Recip)
|                Recip Ewald time          15.50 (15.17% of Ewald)
|                Virial junk                0.05 ( 0.05% of Ewald)
|                Other                      0.08 ( 0.07% of Ewald)
|             Ewald time               102.21 (98.90% of Nonbo)
|          Nonbond force            103.35 (99.30% of Force)
|          Bond/Angle/Dihedral        0.70 ( 0.67% of Force)
|          Other                      0.03 ( 0.02% of Force)
|       Force time               104.07 (100.0% of Runmd)
|    Runmd Time               104.07 (98.67% of Total)
|    Other                      1.39 ( 1.32% of Total)
| Total time               105.47 (100.0% of ALL  )

| Number of list builds   :          8

| Highest rstack allocated:     834988
| Highest istack allocated:      13418
|           Job began  at 12:50:27.479  on 06/09/2022
|           Setup done at 12:50:27.635  on 06/09/2022
|           Run   done at 12:52:12.955  on 06/09/2022
|     wallclock() was called   38064 times
