
          -------------------------------------------------------
          Amber 16 SANDER                              2016
          -------------------------------------------------------

| Run on 06/09/2022 at 12:50:31

|   Executable path: sander
| Working directory: /cache/home/ejd119/ccl2_2022
|          Hostname: gpu008

  [-O]verwriting output

File Assignments:
|  MDIN: min2_81.in                                                            
| MDOUT: ygap_min2_mmp.out                                                     
|INPCRD: ygap_sol.crd                                                          
|  PARM: ygap_sol.prmtop                                                       
|RESTRT: ygap_min2_mmp.ncrst                                                   
|  REFC: ygap_sol.crd                                                          
| MDVEL: mdvel                                                                 
| MDFRC: mdfrc                                                                 
|  MDEN: mden                                                                  
| MDCRD: ygap_min2_mmp.nc                                                      
|MDINFO: ygap_min2_mmp.mdinfo                                                  
|  MTMD: mtmd                                                                  
|INPDIP: inpdip                                                                
|RSTDIP: rstdip                                                                
|INPTRA: inptraj                                                               

 
 Here is the input file:
 
stage 1 - minimization of solvent + ions                                       
 &cntrl                                                                        
  imin=1,	!run minimization                                                    
  ntx=1,	!read coordinates 	                                                   
  maxcyc=1000,	!number of minimization steps                                   
  ntmin=1,	!steepest descent then conjugate gradient                           
  ncyc=500,	!point where stepest descent switches to conjugate gradient        
  cut=10.0,	!vanderwaals cutoff in angstroms                                   
  ntb=1,	!constant volume periodic boundaries                                  
  ntpr=50,	!print to mdinfo every 50 steps                                     
  ntr=1		!position restraints active                                           
 /                                                                             
Hold the protein fixed                                                         
500.0                                                                          
RES 1 81                                                                       
END                                                                            
END                                                                            

--------------------------------------------------------------------------------
   1.  RESOURCE   USE: 
--------------------------------------------------------------------------------

| Flags:                                                                        
 getting new box info from bottom of inpcrd
|  INFO: Old style inpcrd file read

| peek_ewald_inpcrd: Box info found
|Largest sphere to fit in unit cell has radius =    25.024
| New format PARM file being parsed.
| Version =    1.000 Date = 06/09/22 Time = 12:33:42
 NATOM  =   15203 NTYPES =      17 NBONH =   14547 MBONA  =     663
 NTHETH =    1505 MTHETA =     894 NPHIH =    2998 MPHIA  =    2814
 NHPARM =       0 NPARM  =       0 NNB   =   25775 NRES   =    4716
 NBONA  =     663 NTHETA =     894 NPHIA =    2814 NUMBND =      67
 NUMANG =     154 NPTRA  =     191 NATYP =      36 NPHB   =       1
 IFBOX  =       2 NMXRS  =      24 IFCAP =       0 NEXTRA =       0
 NCOPY  =       0


|     Memory Use     Allocated
|     Real             1333722
|     Hollerith          50327
|     Integer           645141
|     Max Pairs        8756928
|     nblistReal        182436
|     nblist Int        510837
|       Total            50763 kbytes

| Note: 1-4 EEL scale factors are being read from the topology file.

| Note: 1-4 VDW scale factors are being read from the topology file.
| Duplicated    0 dihedrals
| Duplicated    0 dihedrals

     BOX TYPE: TRUNCATED OCTAHEDRON

--------------------------------------------------------------------------------
   2.  CONTROL  DATA  FOR  THE  RUN
--------------------------------------------------------------------------------

default_name                                                                    

General flags:
     imin    =       1, nmropt  =       0

Nature and format of input:
     ntx     =       1, irest   =       0, ntrx    =       1

Nature and format of output:
     ntxo    =       2, ntpr    =      50, ntrx    =       1, ntwr    =       1
     iwrap   =       0, ntwx    =       0, ntwv    =       0, ntwe    =       0
     ioutfm  =       1, ntwprt  =       0, idecomp =       0, rbornstat=      0

Potential function:
     ntf     =       1, ntb     =       1, igb     =       0, nsnb    =      25
     ipol    =       0, gbsa    =       0, iesp    =       0
     dielc   =   1.00000, cut     =  10.00000, intdiel =   1.00000

Frozen or restrained atoms:
     ibelly  =       0, ntr     =       1
     restraint_wt =   0.00000

Energy minimization:
     maxcyc  =    1000, ncyc    =     500, ntmin   =       1
     dx0     =   0.01000, drms    =   0.00010

Ewald parameters:
     verbose =       0, ew_type =       0, nbflag  =       1, use_pme =       1
     vdwmeth =       1, eedmeth =       1, netfrc  =       0
     Box X =   61.296   Box Y =   61.296   Box Z =   61.296
     Alpha =  109.471   Beta  =  109.471   Gamma =  109.471
     NFFT1 =   64       NFFT2 =   64       NFFT3 =   64
     Cutoff=   10.000   Tol   =0.100E-04
     Ewald Coefficient =  0.27511
     Interpolation order =    4

    LOADING THE CONSTRAINED ATOMS AS GROUPS


   5.  REFERENCE ATOM COORDINATES

  defa
    ----- READING GROUP     1; TITLE:
 Hold the protein fixed                                                      

     GROUP    1 HAS HARMONIC CONSTRAINTS   500.00000
 GRP    1 RES    1 TO    81
      Number of atoms in this group  =  1310
    ----- END OF GROUP READ -----

--------------------------------------------------------------------------------
   3.  ATOMIC COORDINATES AND VELOCITIES
--------------------------------------------------------------------------------

default_name                                                                    
 begin time read from input coords =     0.000 ps

 Number of triangulated 3-point waters found:     4629

     Sum of charges from parm topology file =  -0.00000004
     Forcing neutrality...

--------------------------------------------------------------------------------
   4.  RESULTS
--------------------------------------------------------------------------------

 ---------------------------------------------------
 APPROXIMATING switch and d/dx switch using CUBIC SPLINE INTERPOLATION
 using   5000.0 points per unit in tabled values
 TESTING RELATIVE ERROR over r ranging from 0.0 to cutoff
| CHECK switch(x): max rel err =   0.3316E-14   at   2.351880
| CHECK d/dx switch(x): max rel err =   0.8066E-11   at   2.747240
 ---------------------------------------------------
| Local SIZE OF NONBOND LIST =    4707353
| TOTAL SIZE OF NONBOND LIST =    4707353


   NSTEP       ENERGY          RMS            GMAX         NAME    NUMBER
      1       7.7380E+05     5.6590E+04     7.5677E+06     O        1821

 BOND    =       59.9090  ANGLE   =      188.7037  DIHED      =      892.1038
 VDWAALS =   817350.2667  EEL     =   -48716.6690  HBOND      =        0.0000
 1-4 VDW =      338.9436  1-4 EEL =     3685.0678  RESTRAINT  =        0.0000


   NSTEP       ENERGY          RMS            GMAX         NAME    NUMBER
     50      -4.7204E+04     3.5566E+00     3.0748E+02     C        1133

 BOND    =     2871.7440  ANGLE   =      157.7434  DIHED      =      889.5424
 VDWAALS =     3937.2771  EEL     =   -59107.4264  HBOND      =        0.0000
 1-4 VDW =      327.8519  1-4 EEL =     3672.4088  RESTRAINT  =       46.8524
 EAMBER  =   -47250.8589


   NSTEP       ENERGY          RMS            GMAX         NAME    NUMBER
    100      -4.9557E+04     1.5614E+00     1.4272E+02     C        1133

 BOND    =     2807.5789  ANGLE   =      156.8433  DIHED      =      889.3488
 VDWAALS =     4260.4965  EEL     =   -61711.6915  HBOND      =        0.0000
 1-4 VDW =      328.1299  1-4 EEL =     3673.7809  RESTRAINT  =       38.9078
 EAMBER  =   -49595.5131


   NSTEP       ENERGY          RMS            GMAX         NAME    NUMBER
    150      -5.0721E+04     3.7591E+00     2.8027E+02     CG       1091

 BOND    =     2998.4158  ANGLE   =      163.8875  DIHED      =      889.0729
 VDWAALS =     4626.6692  EEL     =   -63452.4602  HBOND      =        0.0000
 1-4 VDW =      328.2996  1-4 EEL =     3674.7425  RESTRAINT  =       50.8413
 EAMBER  =   -50771.3726


   NSTEP       ENERGY          RMS            GMAX         NAME    NUMBER
    200      -5.1563E+04     2.0963E+00     1.7360E+02     C        1133

 BOND    =     3064.5756  ANGLE   =      156.1320  DIHED      =      889.4918
 VDWAALS =     4955.7799  EEL     =   -64681.1226  HBOND      =        0.0000
 1-4 VDW =      328.0424  1-4 EEL =     3673.0180  RESTRAINT  =       51.5408
 EAMBER  =   -51614.0830


   NSTEP       ENERGY          RMS            GMAX         NAME    NUMBER
    250      -5.2191E+04     6.8632E-01     2.6593E+01     C        1133

 BOND    =     3139.0264  ANGLE   =      156.3992  DIHED      =      889.1970
 VDWAALS =     5263.2196  EEL     =   -65678.8670  HBOND      =        0.0000
 1-4 VDW =      328.0393  1-4 EEL =     3673.8786  RESTRAINT  =       38.3774
 EAMBER  =   -52229.1069


   NSTEP       ENERGY          RMS            GMAX         NAME    NUMBER
    300      -5.2667E+04     1.6888E+00     1.2735E+02     C        1133

 BOND    =     3222.6584  ANGLE   =      160.2701  DIHED      =      889.1354
 VDWAALS =     5543.0768  EEL     =   -66522.4029  HBOND      =        0.0000
 1-4 VDW =      328.0194  1-4 EEL =     3674.0936  RESTRAINT  =       38.4852
 EAMBER  =   -52705.1491


   NSTEP       ENERGY          RMS            GMAX         NAME    NUMBER
    350      -5.3082E+04     5.6491E-01     1.6731E+01     C        1133

 BOND    =     3277.9454  ANGLE   =      155.1948  DIHED      =      889.2305
 VDWAALS =     5793.0892  EEL     =   -67239.2737  HBOND      =        0.0000
 1-4 VDW =      328.0146  1-4 EEL =     3673.6517  RESTRAINT  =       40.0710
 EAMBER  =   -53122.1475


   NSTEP       ENERGY          RMS            GMAX         NAME    NUMBER
    400      -5.3428E+04     1.6914E+00     1.5331E+02     CG        859

 BOND    =     3346.6245  ANGLE   =      155.0918  DIHED      =      889.2816
 VDWAALS =     6032.8984  EEL     =   -67899.6347  HBOND      =        0.0000
 1-4 VDW =      328.2292  1-4 EEL =     3673.6230  RESTRAINT  =       46.2260
 EAMBER  =   -53473.8862


   NSTEP       ENERGY          RMS            GMAX         NAME    NUMBER
    450      -5.3750E+04     5.0750E-01     1.6492E+01     C        1094

 BOND    =     3390.1084  ANGLE   =      156.1682  DIHED      =      889.1624
 VDWAALS =     6245.7960  EEL     =   -68471.4489  HBOND      =        0.0000
 1-4 VDW =      327.9719  1-4 EEL =     3673.9134  RESTRAINT  =       38.7593
 EAMBER  =   -53788.3285


   NSTEP       ENERGY          RMS            GMAX         NAME    NUMBER
    500      -5.4026E+04     1.3621E+00     9.0598E+01     C        1094

 BOND    =     3445.2107  ANGLE   =      159.2133  DIHED      =      889.0514
 VDWAALS =     6452.1885  EEL     =   -69013.2686  HBOND      =        0.0000
 1-4 VDW =      327.8771  1-4 EEL =     3674.4026  RESTRAINT  =       39.2764
 EAMBER  =   -54065.3251


   NSTEP       ENERGY          RMS            GMAX         NAME    NUMBER
    550      -5.5837E+04     1.0991E+00     6.9964E+01     O       13344

 BOND    =     3816.6853  ANGLE   =      155.5981  DIHED      =      889.1533
 VDWAALS =     8111.5336  EEL     =   -72850.4681  HBOND      =        0.0000
 1-4 VDW =      328.0033  1-4 EEL =     3673.7341  RESTRAINT  =       39.1496
 EAMBER  =   -55875.7605


   NSTEP       ENERGY          RMS            GMAX         NAME    NUMBER
    600      -5.6329E+04     1.1424E+00     5.4510E+01     C        1094

 BOND    =     3895.8717  ANGLE   =      155.9412  DIHED      =      889.2221
 VDWAALS =     8381.6696  EEL     =   -73693.9319  HBOND      =        0.0000
 1-4 VDW =      328.0930  1-4 EEL =     3673.8001  RESTRAINT  =       40.1210
 EAMBER  =   -56369.3342


   NSTEP       ENERGY          RMS            GMAX         NAME    NUMBER
    650      -5.6725E+04     9.2776E-01     6.4365E+01     O        2499

 BOND    =     3978.3551  ANGLE   =      156.2379  DIHED      =      889.3196
 VDWAALS =     8637.3551  EEL     =   -74427.8211  HBOND      =        0.0000
 1-4 VDW =      327.9545  1-4 EEL =     3673.9479  RESTRAINT  =       39.3726
 EAMBER  =   -56764.6510


   NSTEP       ENERGY          RMS            GMAX         NAME    NUMBER
    700      -5.7049E+04     7.1699E-01     4.3635E+01     C        1063

 BOND    =     4017.4421  ANGLE   =      156.2753  DIHED      =      889.3063
 VDWAALS =     8847.3124  EEL     =   -75000.9498  HBOND      =        0.0000
 1-4 VDW =      327.9938  1-4 EEL =     3673.7681  RESTRAINT  =       39.4200
 EAMBER  =   -57088.8517


   NSTEP       ENERGY          RMS            GMAX         NAME    NUMBER
    750      -5.7346E+04     5.1266E-01     3.0219E+01     CG        859

 BOND    =     4060.7180  ANGLE   =      155.9252  DIHED      =      889.3154
 VDWAALS =     9036.1923  EEL     =   -75529.4974  HBOND      =        0.0000
 1-4 VDW =      327.9929  1-4 EEL =     3673.8143  RESTRAINT  =       39.2273
 EAMBER  =   -57385.5393


   NSTEP       ENERGY          RMS            GMAX         NAME    NUMBER
    800      -5.7670E+04     4.5595E-01     2.0930E+01     C        1116

 BOND    =     4113.1258  ANGLE   =      155.9229  DIHED      =      889.3126
 VDWAALS =     9289.8745  EEL     =   -76159.3246  HBOND      =        0.0000
 1-4 VDW =      327.9454  1-4 EEL =     3673.8763  RESTRAINT  =       39.0605
 EAMBER  =   -57709.2670


   NSTEP       ENERGY          RMS            GMAX         NAME    NUMBER
    850      -5.7955E+04     4.4235E-01     2.9135E+01     CG        859

 BOND    =     4165.0439  ANGLE   =      155.9835  DIHED      =      889.2034
 VDWAALS =     9516.6477  EEL     =   -76723.1668  HBOND      =        0.0000
 1-4 VDW =      327.9636  1-4 EEL =     3673.9544  RESTRAINT  =       39.3007
 EAMBER  =   -57994.3705


   NSTEP       ENERGY          RMS            GMAX         NAME    NUMBER
    900      -5.8137E+04     4.1231E-01     2.7553E+01     CG        859

 BOND    =     4193.3300  ANGLE   =      156.0107  DIHED      =      889.1737
 VDWAALS =     9650.6156  EEL     =   -77067.6455  HBOND      =        0.0000
 1-4 VDW =      327.9742  1-4 EEL =     3673.9624  RESTRAINT  =       39.3412
 EAMBER  =   -58176.5789


   NSTEP       ENERGY          RMS            GMAX         NAME    NUMBER
    950      -5.8348E+04     3.9772E-01     1.9440E+01     O       13440

 BOND    =     4226.0181  ANGLE   =      155.7755  DIHED      =      889.1945
 VDWAALS =     9821.9838  EEL     =   -77481.8223  HBOND      =        0.0000
 1-4 VDW =      328.0036  1-4 EEL =     3673.8933  RESTRAINT  =       38.9799
 EAMBER  =   -58386.9536


   NSTEP       ENERGY          RMS            GMAX         NAME    NUMBER
   1000      -5.8482E+04     4.9846E-01     1.4084E+01     C        1133

 BOND    =     4251.4949  ANGLE   =      156.5630  DIHED      =      889.3600
 VDWAALS =     9933.8277  EEL     =   -77754.1587  HBOND      =        0.0000
 1-4 VDW =      327.9824  1-4 EEL =     3674.0130  RESTRAINT  =       39.3785
 EAMBER  =   -58520.9178


  Maximum number of minimization cycles reached.


                    FINAL RESULTS



   NSTEP       ENERGY          RMS            GMAX         NAME    NUMBER
   1000      -5.8482E+04     4.9846E-01     1.4084E+01     C        1133

 BOND    =     4251.4949  ANGLE   =      156.5630  DIHED      =      889.3600
 VDWAALS =     9933.8277  EEL     =   -77754.1587  HBOND      =        0.0000
 1-4 VDW =      327.9824  1-4 EEL =     3674.0130  RESTRAINT  =       39.3785
 EAMBER  =   -58520.9178

--------------------------------------------------------------------------------
   5.  TIMINGS
--------------------------------------------------------------------------------

|    Read coords time           0.01 ( 0.01% of Total)
|                Build the list             1.31 (95.71% of List )
|                Other                      0.06 ( 4.29% of List )
|             List time                  1.37 ( 1.17% of Nonbo)
|                   Short_ene time            97.30 (99.49% of Direc)
|                   Other                      0.50 ( 0.51% of Direc)
|                Direct Ewald time         97.80 (84.24% of Ewald)
|                Adjust Ewald time          0.59 ( 0.51% of Ewald)
|                   Fill Bspline coeffs        0.68 ( 3.90% of Recip)
|                   Fill charge grid           1.96 (11.16% of Recip)
|                   Scalar sum                 4.57 (26.02% of Recip)
|                   Grad sum                   4.23 (24.09% of Recip)
|                   FFT time                   6.11 (34.82% of Recip)
|                   Other                      0.00 ( 0.01% of Recip)
|                Recip Ewald time          17.56 (15.12% of Ewald)
|                Virial junk                0.07 ( 0.06% of Ewald)
|                Other                      0.07 ( 0.06% of Ewald)
|             Ewald time               116.09 (98.83% of Nonbo)
|          Nonbond force            117.46 (99.38% of Force)
|          Bond/Angle/Dihedral        0.71 ( 0.60% of Force)
|          Other                      0.03 ( 0.02% of Force)
|       Force time               118.20 (100.0% of Runmd)
|    Runmd Time               118.20 (98.83% of Total)
|    Other                      1.38 ( 1.16% of Total)
| Total time               119.59 (100.0% of ALL  )

| Number of list builds   :          8

| Highest rstack allocated:     980999
| Highest istack allocated:      15203
|           Job began  at 12:50:31.256  on 06/09/2022
|           Setup done at 12:50:31.419  on 06/09/2022
|           Run   done at 12:52:30.848  on 06/09/2022
|     wallclock() was called   38064 times
