
          -------------------------------------------------------
          Amber 16 SANDER                              2016
          -------------------------------------------------------

| Run on 06/09/2022 at 12:52:30

|   Executable path: sander
| Working directory: /cache/home/ejd119/ccl2_2022
|          Hostname: gpu008

  [-O]verwriting output

File Assignments:
|  MDIN: min2b.in                                                              
| MDOUT: ygap_min2b_mmp.out                                                    
|INPCRD: ygap_min2_mmp.ncrst                                                   
|  PARM: ygap_sol.prmtop                                                       
|RESTRT: ygap_min2b_mmp.ncrst                                                  
|  REFC: refc                                                                  
| MDVEL: mdvel                                                                 
| MDFRC: mdfrc                                                                 
|  MDEN: mden                                                                  
| MDCRD: ygap_min2b_mmp.nc                                                     
|MDINFO: ygap_min2b_mmp.mdinfo                                                 
|  MTMD: mtmd                                                                  
|INPDIP: inpdip                                                                
|RSTDIP: rstdip                                                                
|INPTRA: inptraj                                                               

 
 Here is the input file:
 
stage 1 - minimization of solvent + ions                                       
 &cntrl                                                                        
  imin=1,	!run minimization                                                    
  ntx=1,	!read coordinates 	                                                   
  maxcyc=2500,	!number of minimization steps                                   
  ntmin=1,	!steepest descent then conjugate gradient                           
  ncyc=1000,	!point where stepest descent switches to conjugate gradient       
  cut=10.0,	!vanderwaals cutoff in angstroms                                   
  ntb=1,	!constant volume periodic boundaries                                  
  ntpr=50,	!print to mdinfo every 50 steps                                     
  ntr=0		!position restraints NOT active                                       
 /                                                                             

--------------------------------------------------------------------------------
   1.  RESOURCE   USE: 
--------------------------------------------------------------------------------

| Flags:                                                                        
 getting box info from netcdf restart file
| NetCDF restart box info found
|Largest sphere to fit in unit cell has radius =    25.024
| New format PARM file being parsed.
| Version =    1.000 Date = 06/09/22 Time = 12:33:42
 NATOM  =   15203 NTYPES =      17 NBONH =   14547 MBONA  =     663
 NTHETH =    1505 MTHETA =     894 NPHIH =    2998 MPHIA  =    2814
 NHPARM =       0 NPARM  =       0 NNB   =   25775 NRES   =    4716
 NBONA  =     663 NTHETA =     894 NPHIA =    2814 NUMBND =      67
 NUMANG =     154 NPTRA  =     191 NATYP =      36 NPHB   =       1
 IFBOX  =       2 NMXRS  =      24 IFCAP =       0 NEXTRA =       0
 NCOPY  =       0


|     Memory Use     Allocated
|     Real             1272860
|     Hollerith          50327
|     Integer           645141
|     Max Pairs        8756928
|     nblistReal        182436
|     nblist Int        510837
|       Total            50288 kbytes

| Note: 1-4 EEL scale factors are being read from the topology file.

| Note: 1-4 VDW scale factors are being read from the topology file.
| Duplicated    0 dihedrals
| Duplicated    0 dihedrals

     BOX TYPE: TRUNCATED OCTAHEDRON

--------------------------------------------------------------------------------
   2.  CONTROL  DATA  FOR  THE  RUN
--------------------------------------------------------------------------------

default_name                                                                    

General flags:
     imin    =       1, nmropt  =       0

Nature and format of input:
     ntx     =       1, irest   =       0, ntrx    =       1

Nature and format of output:
     ntxo    =       2, ntpr    =      50, ntrx    =       1, ntwr    =       1
     iwrap   =       0, ntwx    =       0, ntwv    =       0, ntwe    =       0
     ioutfm  =       1, ntwprt  =       0, idecomp =       0, rbornstat=      0

Potential function:
     ntf     =       1, ntb     =       1, igb     =       0, nsnb    =      25
     ipol    =       0, gbsa    =       0, iesp    =       0
     dielc   =   1.00000, cut     =  10.00000, intdiel =   1.00000

Frozen or restrained atoms:
     ibelly  =       0, ntr     =       0

Energy minimization:
     maxcyc  =    2500, ncyc    =    1000, ntmin   =       1
     dx0     =   0.01000, drms    =   0.00010

Ewald parameters:
     verbose =       0, ew_type =       0, nbflag  =       1, use_pme =       1
     vdwmeth =       1, eedmeth =       1, netfrc  =       0
     Box X =   61.296   Box Y =   61.296   Box Z =   61.296
     Alpha =  109.471   Beta  =  109.471   Gamma =  109.471
     NFFT1 =   64       NFFT2 =   64       NFFT3 =   64
     Cutoff=   10.000   Tol   =0.100E-04
     Ewald Coefficient =  0.27511
     Interpolation order =    4
|  INFO: Old style inpcrd file read


--------------------------------------------------------------------------------
   3.  ATOMIC COORDINATES AND VELOCITIES
--------------------------------------------------------------------------------

default_name                                                                    
 begin time read from input coords =     0.000 ps

 Number of triangulated 3-point waters found:     4629

     Sum of charges from parm topology file =  -0.00000004
     Forcing neutrality...

--------------------------------------------------------------------------------
   4.  RESULTS
--------------------------------------------------------------------------------

 ---------------------------------------------------
 APPROXIMATING switch and d/dx switch using CUBIC SPLINE INTERPOLATION
 using   5000.0 points per unit in tabled values
 TESTING RELATIVE ERROR over r ranging from 0.0 to cutoff
| CHECK switch(x): max rel err =   0.3316E-14   at   2.351880
| CHECK d/dx switch(x): max rel err =   0.8066E-11   at   2.747240
 ---------------------------------------------------
| Local SIZE OF NONBOND LIST =    4713241
| TOTAL SIZE OF NONBOND LIST =    4713241


   NSTEP       ENERGY          RMS            GMAX         NAME    NUMBER
      1      -5.8521E+04     1.3757E+00     2.7963E+01     NZ        608

 BOND    =     4251.4949  ANGLE   =      156.5630  DIHED      =      889.3600
 VDWAALS =     9933.8277  EEL     =   -77754.1587  HBOND      =        0.0000
 1-4 VDW =      327.9824  1-4 EEL =     3674.0130  RESTRAINT  =        0.0000


   NSTEP       ENERGY          RMS            GMAX         NAME    NUMBER
     50      -5.8779E+04     5.8019E-01     1.6967E+01     C        1046

 BOND    =     4271.5755  ANGLE   =      144.8286  DIHED      =      899.3089
 VDWAALS =     9889.5489  EEL     =   -77873.5529  HBOND      =        0.0000
 1-4 VDW =      277.5696  1-4 EEL =     3611.3304  RESTRAINT  =        0.0000


   NSTEP       ENERGY          RMS            GMAX         NAME    NUMBER
    100      -5.8852E+04     2.4510E-01     7.9334E+00     C         576

 BOND    =     4280.7000  ANGLE   =      151.0107  DIHED      =      902.7523
 VDWAALS =     9905.2356  EEL     =   -77960.3320  HBOND      =        0.0000
 1-4 VDW =      268.4227  1-4 EEL =     3599.8207  RESTRAINT  =        0.0000


   NSTEP       ENERGY          RMS            GMAX         NAME    NUMBER
    150      -5.8912E+04     4.3906E-01     2.7221E+01     NE2      1059

 BOND    =     4288.4948  ANGLE   =      154.8295  DIHED      =      905.4276
 VDWAALS =     9926.5972  EEL     =   -78042.4582  HBOND      =        0.0000
 1-4 VDW =      263.9866  1-4 EEL =     3591.3902  RESTRAINT  =        0.0000


   NSTEP       ENERGY          RMS            GMAX         NAME    NUMBER
    200      -5.8963E+04     7.0035E-01     5.8665E+01     CD        624

 BOND    =     4297.2020  ANGLE   =      157.4526  DIHED      =      907.2984
 VDWAALS =     9950.3345  EEL     =   -78122.2303  HBOND      =        0.0000
 1-4 VDW =      261.2820  1-4 EEL =     3585.6420  RESTRAINT  =        0.0000


   NSTEP       ENERGY          RMS            GMAX         NAME    NUMBER
    250      -5.9013E+04     3.9256E-01     2.8716E+01     NE2      1059

 BOND    =     4301.8922  ANGLE   =      158.3711  DIHED      =      908.0443
 VDWAALS =     9972.9025  EEL     =   -78195.6538  HBOND      =        0.0000
 1-4 VDW =      259.5351  1-4 EEL =     3582.2108  RESTRAINT  =        0.0000


   NSTEP       ENERGY          RMS            GMAX         NAME    NUMBER
    300      -5.9060E+04     1.8033E-01     9.0360E+00     HH        435

 BOND    =     4306.6512  ANGLE   =      160.0178  DIHED      =      906.9223
 VDWAALS =     9994.1844  EEL     =   -78265.4168  HBOND      =        0.0000
 1-4 VDW =      258.1609  1-4 EEL =     3579.5357  RESTRAINT  =        0.0000


   NSTEP       ENERGY          RMS            GMAX         NAME    NUMBER
    350      -5.9106E+04     2.1863E-01     1.2617E+01     NE2      1059

 BOND    =     4312.1151  ANGLE   =      160.9305  DIHED      =      904.2127
 VDWAALS =    10015.5772  EEL     =   -78332.7280  HBOND      =        0.0000
 1-4 VDW =      257.1193  1-4 EEL =     3577.1707  RESTRAINT  =        0.0000


   NSTEP       ENERGY          RMS            GMAX         NAME    NUMBER
    400      -5.9144E+04     1.5507E-01     5.8579E+00     NE2      1059

 BOND    =     4317.1260  ANGLE   =      161.4639  DIHED      =      903.1859
 VDWAALS =    10035.1542  EEL     =   -78392.3213  HBOND      =        0.0000
 1-4 VDW =      256.2915  1-4 EEL =     3575.0977  RESTRAINT  =        0.0000


   NSTEP       ENERGY          RMS            GMAX         NAME    NUMBER
    450      -5.9179E+04     1.5304E-01     6.0838E+00     NE2      1059

 BOND    =     4322.0483  ANGLE   =      162.3715  DIHED      =      902.5395
 VDWAALS =    10053.8699  EEL     =   -78448.9858  HBOND      =        0.0000
 1-4 VDW =      255.5696  1-4 EEL =     3573.2744  RESTRAINT  =        0.0000


   NSTEP       ENERGY          RMS            GMAX         NAME    NUMBER
    500      -5.9213E+04     4.8005E-01     3.5683E+01     CD        624

 BOND    =     4328.2242  ANGLE   =      163.2429  DIHED      =      901.8199
 VDWAALS =    10072.2329  EEL     =   -78504.8445  HBOND      =        0.0000
 1-4 VDW =      254.9279  1-4 EEL =     3571.8005  RESTRAINT  =        0.0000


   NSTEP       ENERGY          RMS            GMAX         NAME    NUMBER
    550      -5.9246E+04     1.4800E-01     5.3092E+00     NE2      1059

 BOND    =     4331.3260  ANGLE   =      163.8125  DIHED      =      901.1969
 VDWAALS =    10089.2956  EEL     =   -78556.4442  HBOND      =        0.0000
 1-4 VDW =      254.3777  1-4 EEL =     3570.5294  RESTRAINT  =        0.0000


   NSTEP       ENERGY          RMS            GMAX         NAME    NUMBER
    600      -5.9277E+04     3.6368E-01     2.9632E+01     NE2      1059

 BOND    =     4336.4218  ANGLE   =      164.4804  DIHED      =      900.7595
 VDWAALS =    10106.5234  EEL     =   -78608.9371  HBOND      =        0.0000
 1-4 VDW =      253.8647  1-4 EEL =     3569.4039  RESTRAINT  =        0.0000


   NSTEP       ENERGY          RMS            GMAX         NAME    NUMBER
    650      -5.9307E+04     5.7485E-01     5.4112E+01     CD        624

 BOND    =     4341.8002  ANGLE   =      164.8334  DIHED      =      900.5635
 VDWAALS =    10122.7081  EEL     =   -78659.0575  HBOND      =        0.0000
 1-4 VDW =      253.4175  1-4 EEL =     3568.4374  RESTRAINT  =        0.0000


   NSTEP       ENERGY          RMS            GMAX         NAME    NUMBER
    700      -5.9339E+04     2.3753E-01     1.7377E+01     NE2      1059

 BOND    =     4344.5912  ANGLE   =      164.4960  DIHED      =      900.5349
 VDWAALS =    10138.4161  EEL     =   -78707.8214  HBOND      =        0.0000
 1-4 VDW =      253.1159  1-4 EEL =     3567.7199  RESTRAINT  =        0.0000


   NSTEP       ENERGY          RMS            GMAX         NAME    NUMBER
    750      -5.9367E+04     4.1091E-01     3.3317E+01     NE2      1059

 BOND    =     4349.3071  ANGLE   =      164.7644  DIHED      =      900.6442
 VDWAALS =    10153.2638  EEL     =   -78755.2569  HBOND      =        0.0000
 1-4 VDW =      252.8492  1-4 EEL =     3567.0229  RESTRAINT  =        0.0000


   NSTEP       ENERGY          RMS            GMAX         NAME    NUMBER
    800      -5.9397E+04     1.3718E-01     4.3906E+00     NE2      1059

 BOND    =     4352.0377  ANGLE   =      164.9600  DIHED      =      900.8676
 VDWAALS =    10167.2440  EEL     =   -78801.0478  HBOND      =        0.0000
 1-4 VDW =      252.5975  1-4 EEL =     3566.2903  RESTRAINT  =        0.0000


   NSTEP       ENERGY          RMS            GMAX         NAME    NUMBER
    850      -5.9425E+04     4.2964E-01     2.9530E+01     CD        624

 BOND    =     4356.7664  ANGLE   =      165.5047  DIHED      =      901.1823
 VDWAALS =    10181.4549  EEL     =   -78847.8413  HBOND      =        0.0000
 1-4 VDW =      252.3884  1-4 EEL =     3565.6342  RESTRAINT  =        0.0000


   NSTEP       ENERGY          RMS            GMAX         NAME    NUMBER
    900      -5.9453E+04     1.8254E-01     1.1277E+01     NE2      1059

 BOND    =     4359.8244  ANGLE   =      165.2091  DIHED      =      901.5211
 VDWAALS =    10195.2967  EEL     =   -78892.3011  HBOND      =        0.0000
 1-4 VDW =      252.3002  1-4 EEL =     3565.2147  RESTRAINT  =        0.0000


   NSTEP       ENERGY          RMS            GMAX         NAME    NUMBER
    950      -5.9480E+04     1.8705E-01     1.1376E+01     NE2      1059

 BOND    =     4363.6716  ANGLE   =      165.3724  DIHED      =      901.9157
 VDWAALS =    10209.7633  EEL     =   -78937.6477  HBOND      =        0.0000
 1-4 VDW =      252.1942  1-4 EEL =     3564.6753  RESTRAINT  =        0.0000


   NSTEP       ENERGY          RMS            GMAX         NAME    NUMBER
   1000      -5.9505E+04     5.2164E-01     4.8446E+01     CD        624

 BOND    =     4368.9276  ANGLE   =      165.6624  DIHED      =      902.3171
 VDWAALS =    10224.5706  EEL     =   -78982.7849  HBOND      =        0.0000
 1-4 VDW =      252.1007  1-4 EEL =     3564.1938  RESTRAINT  =        0.0000


   NSTEP       ENERGY          RMS            GMAX         NAME    NUMBER
   1050      -5.9794E+04     3.1602E-01     2.0437E+01     CB        133

 BOND    =     4422.2355  ANGLE   =      169.3072  DIHED      =      904.9541
 VDWAALS =    10455.3150  EEL     =   -79551.9133  HBOND      =        0.0000
 1-4 VDW =      251.2205  1-4 EEL =     3554.8866  RESTRAINT  =        0.0000


   NSTEP       ENERGY          RMS            GMAX         NAME    NUMBER
   1100      -5.9904E+04     2.6899E-01     1.1443E+01     CB        133

 BOND    =     4434.7536  ANGLE   =      169.3935  DIHED      =      903.7343
 VDWAALS =    10493.6309  EEL     =   -79712.6717  HBOND      =        0.0000
 1-4 VDW =      250.8103  1-4 EEL =     3556.5697  RESTRAINT  =        0.0000


   NSTEP       ENERGY          RMS            GMAX         NAME    NUMBER
   1150      -5.9968E+04     3.1747E-01     1.2497E+01     OD1        42

 BOND    =     4445.0131  ANGLE   =      170.1135  DIHED      =      904.3622
 VDWAALS =    10527.1465  EEL     =   -79819.9629  HBOND      =        0.0000
 1-4 VDW =      250.5371  1-4 EEL =     3555.1928  RESTRAINT  =        0.0000


   NSTEP       ENERGY          RMS            GMAX         NAME    NUMBER
   1200      -6.0025E+04     3.3587E-01     1.1461E+01     OD1        42

 BOND    =     4454.6260  ANGLE   =      170.6871  DIHED      =      905.1018
 VDWAALS =    10558.6129  EEL     =   -79919.0298  HBOND      =        0.0000
 1-4 VDW =      250.4956  1-4 EEL =     3554.7186  RESTRAINT  =        0.0000


   NSTEP       ENERGY          RMS            GMAX         NAME    NUMBER
   1250      -6.0076E+04     3.3066E-01     1.3380E+01     CA        131

 BOND    =     4461.5265  ANGLE   =      170.8321  DIHED      =      905.7931
 VDWAALS =    10582.3398  EEL     =   -80000.7820  HBOND      =        0.0000
 1-4 VDW =      250.2032  1-4 EEL =     3554.5547  RESTRAINT  =        0.0000


   NSTEP       ENERGY          RMS            GMAX         NAME    NUMBER
   1300      -6.0137E+04     3.8105E-01     1.6033E+01     CA        131

 BOND    =     4470.4920  ANGLE   =      171.8433  DIHED      =      906.6774
 VDWAALS =    10613.3811  EEL     =   -80103.1075  HBOND      =        0.0000
 1-4 VDW =      249.9663  1-4 EEL =     3553.9046  RESTRAINT  =        0.0000


   NSTEP       ENERGY          RMS            GMAX         NAME    NUMBER
   1350      -6.0197E+04     2.9645E-01     9.3047E+00     N          46

 BOND    =     4477.7664  ANGLE   =      172.8113  DIHED      =      907.2169
 VDWAALS =    10646.2314  EEL     =   -80204.3331  HBOND      =        0.0000
 1-4 VDW =      249.8819  1-4 EEL =     3553.0802  RESTRAINT  =        0.0000


   NSTEP       ENERGY          RMS            GMAX         NAME    NUMBER
   1400      -6.0244E+04     3.7260E-01     1.2918E+01     C        1133

 BOND    =     4484.7495  ANGLE   =      172.8540  DIHED      =      907.1531
 VDWAALS =    10672.9355  EEL     =   -80284.0412  HBOND      =        0.0000
 1-4 VDW =      249.8156  1-4 EEL =     3552.2616  RESTRAINT  =        0.0000


   NSTEP       ENERGY          RMS            GMAX         NAME    NUMBER
   1450      -6.0286E+04     3.3859E-01     1.2566E+01     C        1133

 BOND    =     4490.9109  ANGLE   =      173.1783  DIHED      =      906.3757
 VDWAALS =    10698.4132  EEL     =   -80356.1234  HBOND      =        0.0000
 1-4 VDW =      249.6942  1-4 EEL =     3551.4096  RESTRAINT  =        0.0000


   NSTEP       ENERGY          RMS            GMAX         NAME    NUMBER
   1500      -6.0325E+04     3.0431E-01     1.0379E+01     CA        131

 BOND    =     4496.1243  ANGLE   =      173.3255  DIHED      =      905.7007
 VDWAALS =    10724.4179  EEL     =   -80424.5274  HBOND      =        0.0000
 1-4 VDW =      249.6146  1-4 EEL =     3550.6887  RESTRAINT  =        0.0000


   NSTEP       ENERGY          RMS            GMAX         NAME    NUMBER
   1550      -6.0359E+04     3.2609E-01     1.1275E+01     CA        131

 BOND    =     4501.8167  ANGLE   =      173.7214  DIHED      =      905.4246
 VDWAALS =    10746.4528  EEL     =   -80486.2817  HBOND      =        0.0000
 1-4 VDW =      249.5847  1-4 EEL =     3550.3263  RESTRAINT  =        0.0000


   NSTEP       ENERGY          RMS            GMAX         NAME    NUMBER
   1600      -6.0391E+04     3.2312E-01     1.0930E+01     CA        131

 BOND    =     4506.7693  ANGLE   =      173.9872  DIHED      =      905.2472
 VDWAALS =    10767.6615  EEL     =   -80544.8119  HBOND      =        0.0000
 1-4 VDW =      249.6901  1-4 EEL =     3550.0501  RESTRAINT  =        0.0000


   NSTEP       ENERGY          RMS            GMAX         NAME    NUMBER
   1650      -6.0421E+04     2.6394E-01     1.0515E+01     CA        131

 BOND    =     4511.2691  ANGLE   =      174.1736  DIHED      =      904.9608
 VDWAALS =    10785.1485  EEL     =   -80596.6429  HBOND      =        0.0000
 1-4 VDW =      249.4666  1-4 EEL =     3550.2012  RESTRAINT  =        0.0000


   NSTEP       ENERGY          RMS            GMAX         NAME    NUMBER
   1700      -6.0452E+04     2.7122E-01     1.1652E+01     O       11331

 BOND    =     4516.2268  ANGLE   =      174.3908  DIHED      =      904.6508
 VDWAALS =    10803.5536  EEL     =   -80650.3181  HBOND      =        0.0000
 1-4 VDW =      249.3093  1-4 EEL =     3550.3649  RESTRAINT  =        0.0000


   NSTEP       ENERGY          RMS            GMAX         NAME    NUMBER
   1750      -6.0488E+04     2.9931E-01     1.1462E+01     O       11331

 BOND    =     4522.2938  ANGLE   =      175.3659  DIHED      =      904.1568
 VDWAALS =    10825.1703  EEL     =   -80714.5264  HBOND      =        0.0000
 1-4 VDW =      249.3731  1-4 EEL =     3550.0806  RESTRAINT  =        0.0000


   NSTEP       ENERGY          RMS            GMAX         NAME    NUMBER
   1800      -6.0520E+04     2.6095E-01     9.5294E+00     O       11331

 BOND    =     4526.5682  ANGLE   =      175.5035  DIHED      =      903.6946
 VDWAALS =    10842.1397  EEL     =   -80766.9696  HBOND      =        0.0000
 1-4 VDW =      249.3093  1-4 EEL =     3550.0224  RESTRAINT  =        0.0000


   NSTEP       ENERGY          RMS            GMAX         NAME    NUMBER
   1850      -6.0550E+04     2.7744E-01     1.1742E+01     CG       1003

 BOND    =     4531.3345  ANGLE   =      175.8941  DIHED      =      903.2265
 VDWAALS =    10859.2713  EEL     =   -80818.4706  HBOND      =        0.0000
 1-4 VDW =      249.2299  1-4 EEL =     3549.9960  RESTRAINT  =        0.0000


   NSTEP       ENERGY          RMS            GMAX         NAME    NUMBER
   1900      -6.0577E+04     2.5935E-01     9.1788E+00     O       11331

 BOND    =     4535.7007  ANGLE   =      176.0586  DIHED      =      902.9069
 VDWAALS =    10876.1582  EEL     =   -80866.8214  HBOND      =        0.0000
 1-4 VDW =      249.1122  1-4 EEL =     3549.9906  RESTRAINT  =        0.0000


   NSTEP       ENERGY          RMS            GMAX         NAME    NUMBER
   1950      -6.0603E+04     2.8331E-01     1.0649E+01     CG       1003

 BOND    =     4539.8950  ANGLE   =      176.2893  DIHED      =      902.7595
 VDWAALS =    10894.1700  EEL     =   -80914.7728  HBOND      =        0.0000
 1-4 VDW =      249.0425  1-4 EEL =     3549.9084  RESTRAINT  =        0.0000


   NSTEP       ENERGY          RMS            GMAX         NAME    NUMBER
   2000      -6.0627E+04     3.1986E-01     1.4798E+01     C        1133

 BOND    =     4543.8947  ANGLE   =      176.6686  DIHED      =      902.7498
 VDWAALS =    10911.3904  EEL     =   -80960.9583  HBOND      =        0.0000
 1-4 VDW =      248.9674  1-4 EEL =     3549.8144  RESTRAINT  =        0.0000


   NSTEP       ENERGY          RMS            GMAX         NAME    NUMBER
   2050      -6.0652E+04     2.7985E-01     9.3669E+00     CA       1050

 BOND    =     4547.4949  ANGLE   =      176.6812  DIHED      =      902.8087
 VDWAALS =    10926.8798  EEL     =   -81004.6709  HBOND      =        0.0000
 1-4 VDW =      248.8579  1-4 EEL =     3549.9258  RESTRAINT  =        0.0000


   NSTEP       ENERGY          RMS            GMAX         NAME    NUMBER
   2100      -6.0675E+04     2.7758E-01     9.3976E+00     C        1133

 BOND    =     4550.8126  ANGLE   =      176.4939  DIHED      =      902.8255
 VDWAALS =    10942.1749  EEL     =   -81046.4344  HBOND      =        0.0000
 1-4 VDW =      248.9136  1-4 EEL =     3549.9742  RESTRAINT  =        0.0000


   NSTEP       ENERGY          RMS            GMAX         NAME    NUMBER
   2150      -6.0698E+04     2.5684E-01     8.5830E+00     CA       1050

 BOND    =     4554.2474  ANGLE   =      176.4029  DIHED      =      902.7558
 VDWAALS =    10955.8091  EEL     =   -81085.8786  HBOND      =        0.0000
 1-4 VDW =      248.8987  1-4 EEL =     3550.0929  RESTRAINT  =        0.0000


   NSTEP       ENERGY          RMS            GMAX         NAME    NUMBER
   2200      -6.0719E+04     2.3795E-01     5.6989E+00     CA       1050

 BOND    =     4557.2106  ANGLE   =      176.3447  DIHED      =      902.5523
 VDWAALS =    10971.2556  EEL     =   -81125.8553  HBOND      =        0.0000
 1-4 VDW =      249.0053  1-4 EEL =     3550.1000  RESTRAINT  =        0.0000


   NSTEP       ENERGY          RMS            GMAX         NAME    NUMBER
   2250      -6.0741E+04     2.6525E-01     7.5460E+00     C          32

 BOND    =     4562.9562  ANGLE   =      176.3079  DIHED      =      902.2279
 VDWAALS =    10986.2722  EEL     =   -81168.3224  HBOND      =        0.0000
 1-4 VDW =      249.1054  1-4 EEL =     3550.1695  RESTRAINT  =        0.0000


   NSTEP       ENERGY          RMS            GMAX         NAME    NUMBER
   2300      -6.0762E+04     2.3931E-01     6.9253E+00     CG       1145

 BOND    =     4566.3928  ANGLE   =      176.2830  DIHED      =      901.9076
 VDWAALS =    10999.8701  EEL     =   -81206.0403  HBOND      =        0.0000
 1-4 VDW =      249.1292  1-4 EEL =     3550.3672  RESTRAINT  =        0.0000


   NSTEP       ENERGY          RMS            GMAX         NAME    NUMBER
   2350      -6.0782E+04     2.1338E-01     6.1725E+00     CG       1003

 BOND    =     4568.6581  ANGLE   =      176.2131  DIHED      =      901.5873
 VDWAALS =    11013.9304  EEL     =   -81241.7053  HBOND      =        0.0000
 1-4 VDW =      249.2332  1-4 EEL =     3550.4817  RESTRAINT  =        0.0000


   NSTEP       ENERGY          RMS            GMAX         NAME    NUMBER
   2400      -6.0800E+04     2.0724E-01     6.8522E+00     CG       1145

 BOND    =     4571.0579  ANGLE   =      176.2801  DIHED      =      901.3263
 VDWAALS =    11027.8674  EEL     =   -81276.7573  HBOND      =        0.0000
 1-4 VDW =      249.2854  1-4 EEL =     3550.5272  RESTRAINT  =        0.0000


   NSTEP       ENERGY          RMS            GMAX         NAME    NUMBER
   2450      -6.0820E+04     2.1413E-01     8.5494E+00     CG       1145

 BOND    =     4574.4221  ANGLE   =      176.3471  DIHED      =      901.1803
 VDWAALS =    11040.3449  EEL     =   -81311.7107  HBOND      =        0.0000
 1-4 VDW =      249.2451  1-4 EEL =     3550.5971  RESTRAINT  =        0.0000


   NSTEP       ENERGY          RMS            GMAX         NAME    NUMBER
   2500      -6.0841E+04     2.3562E-01     8.0855E+00     CA       1050

 BOND    =     4578.1982  ANGLE   =      176.5422  DIHED      =      901.3649
 VDWAALS =    11053.2810  EEL     =   -81349.6699  HBOND      =        0.0000
 1-4 VDW =      249.3305  1-4 EEL =     3550.4447  RESTRAINT  =        0.0000


  Maximum number of minimization cycles reached.


                    FINAL RESULTS



   NSTEP       ENERGY          RMS            GMAX         NAME    NUMBER
   2500      -6.0841E+04     2.3562E-01     8.0855E+00     CA       1050

 BOND    =     4578.1982  ANGLE   =      176.5422  DIHED      =      901.3649
 VDWAALS =    11053.2810  EEL     =   -81349.6699  HBOND      =        0.0000
 1-4 VDW =      249.3305  1-4 EEL =     3550.4447  RESTRAINT  =        0.0000

--------------------------------------------------------------------------------
   5.  TIMINGS
--------------------------------------------------------------------------------

|                Build the list             1.71 (92.74% of List )
|                Other                      0.13 ( 7.26% of List )
|             List time                  1.84 ( 0.62% of Nonbo)
|                   Short_ene time           245.79 (99.51% of Direc)
|                   Other                      1.21 ( 0.49% of Direc)
|                Direct Ewald time        247.00 (84.19% of Ewald)
|                Adjust Ewald time          1.49 ( 0.51% of Ewald)
|                   Fill Bspline coeffs        1.71 ( 3.84% of Recip)
|                   Fill charge grid           4.96 (11.14% of Recip)
|                   Scalar sum                11.58 (26.00% of Recip)
|                   Grad sum                  10.63 (23.86% of Recip)
|                   FFT time                  15.65 (35.15% of Recip)
|                   Other                      0.00 ( 0.01% of Recip)
|                Recip Ewald time          44.54 (15.18% of Ewald)
|                Virial junk                0.16 ( 0.06% of Ewald)
|                Other                      0.19 ( 0.06% of Ewald)
|             Ewald time               293.38 (99.38% of Nonbo)
|          Nonbond force            295.23 (99.38% of Force)
|          Bond/Angle/Dihedral        1.79 ( 0.60% of Force)
|          Other                      0.05 ( 0.02% of Force)
|       Force time               297.07 (100.0% of Runmd)
|    Runmd Time               297.07 (98.95% of Total)
|    Other                      3.15 ( 1.05% of Total)
| Total time               300.23 (100.0% of ALL  )

| Number of list builds   :         11

| Highest rstack allocated:     980999
| Highest istack allocated:      15203
|           Job began  at 12:52:30.865  on 06/09/2022
|           Setup done at 12:52:30.949  on 06/09/2022
|           Run   done at 12:57:31.094  on 06/09/2022
|     wallclock() was called   95070 times
